mode: set
github.com/marcgauthier/encz/backup.go:50.69,51.37 1 0
github.com/marcgauthier/encz/backup.go:51.37,53.3 1 0
github.com/marcgauthier/encz/backup.go:55.2,58.15 3 0
github.com/marcgauthier/encz/backup.go:58.15,60.3 1 0
github.com/marcgauthier/encz/backup.go:62.2,63.16 2 0
github.com/marcgauthier/encz/backup.go:63.16,65.3 1 0
github.com/marcgauthier/encz/backup.go:67.2,68.16 2 0
github.com/marcgauthier/encz/backup.go:68.16,70.3 1 0
github.com/marcgauthier/encz/backup.go:71.2,71.21 1 0
github.com/marcgauthier/encz/backup.go:71.21,73.3 1 0
github.com/marcgauthier/encz/backup.go:75.2,76.16 2 0
github.com/marcgauthier/encz/backup.go:76.16,78.3 1 0
github.com/marcgauthier/encz/backup.go:80.2,80.65 1 0
github.com/marcgauthier/encz/backup.go:80.65,82.3 1 0
github.com/marcgauthier/encz/backup.go:83.2,83.51 1 0
github.com/marcgauthier/encz/backup.go:83.51,85.3 1 0
github.com/marcgauthier/encz/backup.go:85.8,85.19 1 0
github.com/marcgauthier/encz/backup.go:85.19,87.3 1 0
github.com/marcgauthier/encz/backup.go:89.2,94.15 5 0
github.com/marcgauthier/encz/backup.go:94.15,95.37 1 0
github.com/marcgauthier/encz/backup.go:95.37,97.4 1 0
github.com/marcgauthier/encz/backup.go:98.3,98.17 1 0
github.com/marcgauthier/encz/backup.go:98.17,100.4 1 0
github.com/marcgauthier/encz/backup.go:103.2,103.67 1 0
github.com/marcgauthier/encz/backup.go:103.67,104.17 1 0
github.com/marcgauthier/encz/backup.go:104.17,105.12 1 0
github.com/marcgauthier/encz/backup.go:107.3,108.21 2 0
github.com/marcgauthier/encz/backup.go:108.21,110.4 1 0
github.com/marcgauthier/encz/backup.go:111.3,111.13 1 0
github.com/marcgauthier/encz/backup.go:111.13,113.4 1 0
github.com/marcgauthier/encz/backup.go:116.2,117.16 2 0
github.com/marcgauthier/encz/backup.go:117.16,119.3 1 0
github.com/marcgauthier/encz/backup.go:120.2,123.16 4 0
github.com/marcgauthier/encz/backup.go:123.16,125.3 1 0
github.com/marcgauthier/encz/backup.go:126.2,127.79 2 0
github.com/marcgauthier/encz/backup.go:127.79,129.3 1 0
github.com/marcgauthier/encz/backup.go:130.2,130.48 1 0
github.com/marcgauthier/encz/backup.go:130.48,132.3 1 0
github.com/marcgauthier/encz/backup.go:134.2,135.16 2 0
github.com/marcgauthier/encz/backup.go:135.16,137.3 1 0
github.com/marcgauthier/encz/backup.go:138.2,138.81 1 0
github.com/marcgauthier/encz/backup.go:138.81,140.3 1 0
github.com/marcgauthier/encz/backup.go:142.2,142.102 1 0
github.com/marcgauthier/encz/backup.go:142.102,144.3 1 0
github.com/marcgauthier/encz/backup.go:145.2,145.58 1 0
github.com/marcgauthier/encz/backup.go:148.84,149.14 1 0
github.com/marcgauthier/encz/backup.go:150.36,151.39 1 0
github.com/marcgauthier/encz/backup.go:152.30,153.37 1 0
github.com/marcgauthier/encz/backup.go:154.29,155.73 1 0
github.com/marcgauthier/encz/backup.go:156.10,157.73 1 0
github.com/marcgauthier/encz/backup.go:161.58,165.16 4 0
github.com/marcgauthier/encz/backup.go:165.16,167.3 1 0
github.com/marcgauthier/encz/backup.go:168.2,168.57 1 0
github.com/marcgauthier/encz/backup.go:174.59,175.35 1 0
github.com/marcgauthier/encz/backup.go:175.35,177.3 1 0
github.com/marcgauthier/encz/backup.go:178.2,178.40 1 0
github.com/marcgauthier/encz/backup.go:178.40,180.3 1 0
github.com/marcgauthier/encz/backup.go:181.2,181.41 1 0
github.com/marcgauthier/encz/backup.go:181.41,183.3 1 0
github.com/marcgauthier/encz/backup.go:185.2,186.16 2 0
github.com/marcgauthier/encz/backup.go:186.16,188.3 1 0
github.com/marcgauthier/encz/backup.go:190.2,191.16 2 0
github.com/marcgauthier/encz/backup.go:191.16,193.3 1 0
github.com/marcgauthier/encz/backup.go:195.2,199.16 4 0
github.com/marcgauthier/encz/backup.go:199.16,201.3 1 0
github.com/marcgauthier/encz/backup.go:203.2,204.16 2 0
github.com/marcgauthier/encz/backup.go:204.16,206.3 1 0
github.com/marcgauthier/encz/backup.go:207.2,210.16 4 0
github.com/marcgauthier/encz/backup.go:210.16,212.3 1 0
github.com/marcgauthier/encz/backup.go:213.2,216.83 3 0
github.com/marcgauthier/encz/backup.go:216.83,218.3 1 0
github.com/marcgauthier/encz/backup.go:219.2,219.23 1 0
github.com/marcgauthier/encz/backup.go:219.23,221.3 1 0
github.com/marcgauthier/encz/backup.go:222.2,222.12 1 0
github.com/marcgauthier/encz/backup.go:229.87,230.34 1 0
github.com/marcgauthier/encz/backup.go:230.34,232.3 1 0
github.com/marcgauthier/encz/backup.go:233.2,233.40 1 0
github.com/marcgauthier/encz/backup.go:233.40,235.3 1 0
github.com/marcgauthier/encz/backup.go:236.2,236.39 1 0
github.com/marcgauthier/encz/backup.go:236.39,238.3 1 0
github.com/marcgauthier/encz/backup.go:240.2,241.16 2 0
github.com/marcgauthier/encz/backup.go:241.16,243.3 1 0
github.com/marcgauthier/encz/backup.go:244.2,247.16 3 0
github.com/marcgauthier/encz/backup.go:247.16,249.3 1 0
github.com/marcgauthier/encz/backup.go:251.2,252.16 2 0
github.com/marcgauthier/encz/backup.go:252.16,254.3 1 0
github.com/marcgauthier/encz/backup.go:255.2,257.28 2 0
github.com/marcgauthier/encz/backup.go:257.28,258.28 1 0
github.com/marcgauthier/encz/backup.go:258.28,260.45 2 0
github.com/marcgauthier/encz/backup.go:260.45,262.5 1 0
github.com/marcgauthier/encz/backup.go:266.2,266.53 1 0
github.com/marcgauthier/encz/backup.go:266.53,268.3 1 0
github.com/marcgauthier/encz/backup.go:270.2,271.27 2 0
github.com/marcgauthier/encz/backup.go:271.27,273.66 2 0
github.com/marcgauthier/encz/backup.go:273.66,275.4 1 0
github.com/marcgauthier/encz/backup.go:276.3,276.52 1 0
github.com/marcgauthier/encz/backup.go:276.52,278.4 1 0
github.com/marcgauthier/encz/backup.go:279.3,279.45 1 0
github.com/marcgauthier/encz/backup.go:279.45,281.4 1 0
github.com/marcgauthier/encz/backup.go:281.9,281.47 1 0
github.com/marcgauthier/encz/backup.go:281.47,283.4 1 0
github.com/marcgauthier/encz/backup.go:286.2,286.18 1 0
github.com/marcgauthier/encz/backup.go:286.18,288.3 1 0
github.com/marcgauthier/encz/backup.go:289.2,289.24 1 0
github.com/marcgauthier/encz/backup.go:289.24,291.3 1 0
github.com/marcgauthier/encz/backup.go:293.2,297.16 4 0
github.com/marcgauthier/encz/backup.go:297.16,299.3 1 0
github.com/marcgauthier/encz/backup.go:301.2,302.16 2 0
github.com/marcgauthier/encz/backup.go:302.16,304.3 1 0
github.com/marcgauthier/encz/backup.go:305.2,309.16 4 0
github.com/marcgauthier/encz/backup.go:309.16,311.3 1 0
github.com/marcgauthier/encz/backup.go:312.2,315.83 3 0
github.com/marcgauthier/encz/backup.go:315.83,317.3 1 0
github.com/marcgauthier/encz/backup.go:318.2,318.23 1 0
github.com/marcgauthier/encz/backup.go:318.23,320.3 1 0
github.com/marcgauthier/encz/backup.go:322.2,322.12 1 0
github.com/marcgauthier/encz/backup.go:325.100,326.55 1 0
github.com/marcgauthier/encz/backup.go:326.55,328.3 1 0
github.com/marcgauthier/encz/backup.go:330.2,331.16 2 0
github.com/marcgauthier/encz/backup.go:331.16,333.3 1 0
github.com/marcgauthier/encz/backup.go:334.2,336.27 2 0
github.com/marcgauthier/encz/backup.go:336.27,338.66 2 0
github.com/marcgauthier/encz/backup.go:338.66,340.4 1 0
github.com/marcgauthier/encz/backup.go:341.3,341.52 1 0
github.com/marcgauthier/encz/backup.go:341.52,343.4 1 0
github.com/marcgauthier/encz/backup.go:344.3,344.45 1 0
github.com/marcgauthier/encz/backup.go:344.45,346.12 2 0
github.com/marcgauthier/encz/backup.go:348.3,348.40 1 0
github.com/marcgauthier/encz/backup.go:348.40,350.4 1 0
github.com/marcgauthier/encz/backup.go:353.2,353.18 1 0
github.com/marcgauthier/encz/backup.go:353.18,355.3 1 0
github.com/marcgauthier/encz/backup.go:356.2,356.24 1 0
github.com/marcgauthier/encz/backup.go:356.24,358.3 1 0
github.com/marcgauthier/encz/backup.go:359.2,359.34 1 0
github.com/marcgauthier/encz/backup.go:362.56,364.16 2 0
github.com/marcgauthier/encz/backup.go:364.16,366.3 1 0
github.com/marcgauthier/encz/backup.go:367.2,370.16 3 0
github.com/marcgauthier/encz/backup.go:370.16,372.3 1 0
github.com/marcgauthier/encz/backup.go:373.2,376.12 3 0
github.com/marcgauthier/encz/backup.go:379.79,380.41 1 0
github.com/marcgauthier/encz/backup.go:380.41,382.3 1 0
github.com/marcgauthier/encz/backup.go:383.2,383.55 1 0
github.com/marcgauthier/encz/backup.go:383.55,385.3 1 0
github.com/marcgauthier/encz/backup.go:386.2,389.74 4 0
github.com/marcgauthier/encz/backup.go:389.74,391.3 1 0
github.com/marcgauthier/encz/backup.go:392.2,392.21 1 0
github.com/marcgauthier/encz/backup.go:395.97,397.16 2 0
github.com/marcgauthier/encz/backup.go:397.16,399.3 1 0
github.com/marcgauthier/encz/backup.go:400.2,401.16 2 0
github.com/marcgauthier/encz/backup.go:401.16,403.3 1 0
github.com/marcgauthier/encz/backup.go:404.2,405.16 2 0
github.com/marcgauthier/encz/backup.go:405.16,407.3 1 0
github.com/marcgauthier/encz/backup.go:408.2,418.51 11 0
github.com/marcgauthier/encz/backup.go:421.98,423.16 2 0
github.com/marcgauthier/encz/backup.go:423.16,425.3 1 0
github.com/marcgauthier/encz/backup.go:426.2,427.16 2 0
github.com/marcgauthier/encz/backup.go:427.16,429.3 1 0
github.com/marcgauthier/encz/backup.go:430.2,432.16 3 0
github.com/marcgauthier/encz/backup.go:432.16,434.3 1 0
github.com/marcgauthier/encz/backup.go:435.2,435.47 1 0
github.com/marcgauthier/encz/backup.go:438.94,445.50 7 0
github.com/marcgauthier/encz/backup.go:445.50,447.3 1 0
github.com/marcgauthier/encz/backup.go:448.2,448.51 1 0
github.com/marcgauthier/encz/backup.go:448.51,450.3 1 0
github.com/marcgauthier/encz/backup.go:451.2,451.51 1 0
github.com/marcgauthier/encz/backup.go:463.36,465.2 1 0
github.com/marcgauthier/encz/backup.go:467.75,469.46 2 0
github.com/marcgauthier/encz/backup.go:469.46,471.3 1 0
github.com/marcgauthier/encz/backup.go:472.2,472.66 1 0
github.com/marcgauthier/encz/backup.go:472.66,474.3 1 0
github.com/marcgauthier/encz/backup.go:475.2,478.41 4 0
github.com/marcgauthier/encz/backup.go:478.41,480.3 1 0
github.com/marcgauthier/encz/backup.go:481.2,491.32 11 0
github.com/marcgauthier/encz/backup.go:494.89,496.2 1 0
github.com/marcgauthier/encz/backup.go:498.91,500.16 2 0
github.com/marcgauthier/encz/backup.go:500.16,502.3 1 0
github.com/marcgauthier/encz/backup.go:503.2,504.16 2 0
github.com/marcgauthier/encz/backup.go:504.16,506.3 1 0
github.com/marcgauthier/encz/backup.go:507.2,507.72 1 0
github.com/marcgauthier/encz/backup.go:510.96,512.16 2 0
github.com/marcgauthier/encz/backup.go:512.16,514.3 1 0
github.com/marcgauthier/encz/backup.go:515.2,516.16 2 0
github.com/marcgauthier/encz/backup.go:516.16,518.3 1 0
github.com/marcgauthier/encz/backup.go:519.2,520.16 2 0
github.com/marcgauthier/encz/backup.go:520.16,522.3 1 0
github.com/marcgauthier/encz/backup.go:523.2,523.19 1 0
github.com/marcgauthier/encz/backup.go:526.55,535.2 8 0
github.com/marcgauthier/encz/backup.go:537.74,539.16 2 0
github.com/marcgauthier/encz/backup.go:539.16,541.3 1 0
github.com/marcgauthier/encz/backup.go:542.2,545.16 3 0
github.com/marcgauthier/encz/backup.go:545.16,547.3 1 0
github.com/marcgauthier/encz/backup.go:548.2,550.44 2 0
github.com/marcgauthier/encz/backup.go:550.44,552.10 2 0
github.com/marcgauthier/encz/backup.go:552.10,554.4 1 0
github.com/marcgauthier/encz/backup.go:555.3,555.47 1 0
github.com/marcgauthier/encz/backup.go:555.47,557.11 2 0
github.com/marcgauthier/encz/backup.go:557.11,559.5 1 0
github.com/marcgauthier/encz/backup.go:560.4,561.18 2 0
github.com/marcgauthier/encz/backup.go:561.18,563.5 1 0
github.com/marcgauthier/encz/backup.go:564.4,567.18 3 0
github.com/marcgauthier/encz/backup.go:567.18,569.5 1 0
github.com/marcgauthier/encz/backup.go:570.4,570.13 1 0
github.com/marcgauthier/encz/backup.go:570.13,572.5 1 0
github.com/marcgauthier/encz/backup.go:573.4,573.14 1 0
github.com/marcgauthier/encz/backup.go:578.99,580.16 2 0
github.com/marcgauthier/encz/backup.go:580.16,582.3 1 0
github.com/marcgauthier/encz/backup.go:584.2,585.31 2 0
github.com/marcgauthier/encz/backup.go:585.31,586.36 1 0
github.com/marcgauthier/encz/backup.go:586.36,589.4 2 0
github.com/marcgauthier/encz/backup.go:590.3,590.19 1 0
github.com/marcgauthier/encz/backup.go:593.2,593.29 1 0
github.com/marcgauthier/encz/backup.go:593.29,594.61 1 0
github.com/marcgauthier/encz/backup.go:594.61,598.4 3 0
github.com/marcgauthier/encz/backup.go:601.2,601.23 1 0
github.com/marcgauthier/encz/backup.go:604.85,606.16 2 0
github.com/marcgauthier/encz/backup.go:606.16,608.3 1 0
github.com/marcgauthier/encz/backup.go:609.2,610.16 2 0
github.com/marcgauthier/encz/backup.go:610.16,612.3 1 0
github.com/marcgauthier/encz/backup.go:613.2,614.21 2 0
github.com/marcgauthier/encz/backup.go:615.30,616.25 1 0
github.com/marcgauthier/encz/backup.go:617.10,618.27 1 0
github.com/marcgauthier/encz/backup.go:621.2,622.16 2 0
github.com/marcgauthier/encz/backup.go:622.16,624.3 1 0
github.com/marcgauthier/encz/backup.go:625.2,626.16 2 0
github.com/marcgauthier/encz/backup.go:626.16,628.3 1 0
github.com/marcgauthier/encz/backup.go:629.2,632.12 3 0
github.com/marcgauthier/encz/driver.go:18.13,20.2 1 1
github.com/marcgauthier/encz/driver.go:22.23,23.31 1 1
github.com/marcgauthier/encz/driver.go:23.31,24.40 1 1
github.com/marcgauthier/encz/driver.go:24.40,27.4 2 0
github.com/marcgauthier/encz/driver.go:28.3,29.49 1 1
github.com/marcgauthier/encz/driver.go:29.49,31.5 1 1
github.com/marcgauthier/encz/driver.go:34.2,34.26 1 1
github.com/marcgauthier/encz/driver.go:37.27,38.35 1 1
github.com/marcgauthier/encz/driver.go:38.35,40.3 1 0
github.com/marcgauthier/encz/driver.go:41.2,41.12 1 1
github.com/marcgauthier/encz/dsn.go:18.49,20.45 2 1
github.com/marcgauthier/encz/dsn.go:20.45,22.3 1 1
github.com/marcgauthier/encz/dsn.go:23.2,23.20 1 1
github.com/marcgauthier/encz/dsn.go:23.20,26.3 2 0
github.com/marcgauthier/encz/dsn.go:27.2,27.28 1 1
github.com/marcgauthier/encz/dsn.go:27.28,29.3 1 1
github.com/marcgauthier/encz/dsn.go:30.2,30.35 1 1
github.com/marcgauthier/encz/dsn.go:30.35,32.3 1 0
github.com/marcgauthier/encz/dsn.go:34.2,35.47 2 1
github.com/marcgauthier/encz/dsn.go:35.47,37.3 1 1
github.com/marcgauthier/encz/dsn.go:38.2,38.12 1 1
github.com/marcgauthier/encz/dsn.go:41.44,43.2 1 0
github.com/marcgauthier/encz/encz_bridge.go:24.27,25.29 1 1
github.com/marcgauthier/encz/encz_bridge.go:25.29,27.29 2 1
github.com/marcgauthier/encz/encz_bridge.go:27.29,29.4 1 0
github.com/marcgauthier/encz/encz_bridge.go:31.2,31.24 1 1
github.com/marcgauthier/encz/encz_keys.go:11.74,13.23 2 1
github.com/marcgauthier/encz/encz_keys.go:13.23,15.3 1 0
github.com/marcgauthier/encz/encz_keys.go:16.2,17.38 2 1
github.com/marcgauthier/encz/encz_keys.go:17.38,19.3 1 0
github.com/marcgauthier/encz/encz_keys.go:20.2,20.10 1 1
github.com/marcgauthier/encz/encz_keys.go:24.84,26.42 2 1
github.com/marcgauthier/encz/encz_keys.go:26.42,28.3 1 0
github.com/marcgauthier/encz/encz_keys.go:29.2,31.9 3 1
github.com/marcgauthier/encz/encz_keys.go:31.9,33.3 1 0
github.com/marcgauthier/encz/encz_keys.go:34.2,35.10 2 1
github.com/marcgauthier/encz/encz_keys.go:39.63,41.23 2 1
github.com/marcgauthier/encz/encz_keys.go:41.23,43.3 1 0
github.com/marcgauthier/encz/encz_keys.go:44.2,46.10 3 1
github.com/marcgauthier/encz/encz_log.go:16.29,18.23 2 0
github.com/marcgauthier/encz/encz_log.go:18.23,20.3 1 0
github.com/marcgauthier/encz/encz_log.go:20.8,22.3 1 0
github.com/marcgauthier/encz/manifest.go:36.47,37.34 1 1
github.com/marcgauthier/encz/manifest.go:37.34,39.3 1 1
github.com/marcgauthier/encz/manifest.go:40.2,40.66 1 0
github.com/marcgauthier/encz/manifest.go:118.85,119.20 1 1
github.com/marcgauthier/encz/manifest.go:119.20,121.3 1 0
github.com/marcgauthier/encz/manifest.go:122.2,122.30 1 1
github.com/marcgauthier/encz/manifest.go:122.30,124.3 1 0
github.com/marcgauthier/encz/manifest.go:125.2,125.30 1 1
github.com/marcgauthier/encz/manifest.go:125.30,127.3 1 0
github.com/marcgauthier/encz/manifest.go:129.2,131.16 3 1
github.com/marcgauthier/encz/manifest.go:131.16,133.3 1 0
github.com/marcgauthier/encz/manifest.go:134.2,135.16 2 1
github.com/marcgauthier/encz/manifest.go:135.16,137.3 1 0
github.com/marcgauthier/encz/manifest.go:138.2,148.34 5 1
github.com/marcgauthier/encz/manifest.go:148.34,149.21 1 1
github.com/marcgauthier/encz/manifest.go:149.21,151.4 1 0
github.com/marcgauthier/encz/manifest.go:152.3,153.17 2 1
github.com/marcgauthier/encz/manifest.go:153.17,155.4 1 0
github.com/marcgauthier/encz/manifest.go:156.3,157.17 2 1
github.com/marcgauthier/encz/manifest.go:157.17,159.4 1 0
github.com/marcgauthier/encz/manifest.go:160.3,160.69 1 1
github.com/marcgauthier/encz/manifest.go:160.69,162.4 1 0
github.com/marcgauthier/encz/manifest.go:163.8,164.34 1 0
github.com/marcgauthier/encz/manifest.go:164.34,166.4 1 0
github.com/marcgauthier/encz/manifest.go:167.3,167.34 1 0
github.com/marcgauthier/encz/manifest.go:167.34,169.4 1 0
github.com/marcgauthier/encz/manifest.go:171.3,172.17 2 0
github.com/marcgauthier/encz/manifest.go:172.17,174.4 1 0
github.com/marcgauthier/encz/manifest.go:175.3,176.53 2 0
github.com/marcgauthier/encz/manifest.go:176.53,178.70 2 0
github.com/marcgauthier/encz/manifest.go:178.70,180.5 1 0
github.com/marcgauthier/encz/manifest.go:184.2,185.16 2 1
github.com/marcgauthier/encz/manifest.go:185.16,187.3 1 0
github.com/marcgauthier/encz/manifest.go:188.2,188.72 1 1
github.com/marcgauthier/encz/manifest.go:191.44,193.16 2 1
github.com/marcgauthier/encz/manifest.go:193.16,195.3 1 0
github.com/marcgauthier/encz/manifest.go:196.2,196.36 1 1
github.com/marcgauthier/encz/manifest.go:196.36,198.3 1 1
github.com/marcgauthier/encz/manifest.go:199.2,199.19 1 0
github.com/marcgauthier/encz/manifest.go:202.42,204.14 2 1
github.com/marcgauthier/encz/manifest.go:205.17,206.14 1 1
github.com/marcgauthier/encz/manifest.go:207.10,208.15 1 0
github.com/marcgauthier/encz/manifest.go:212.56,213.29 1 1
github.com/marcgauthier/encz/manifest.go:213.29,215.3 1 0
github.com/marcgauthier/encz/manifest.go:216.2,216.23 1 1
github.com/marcgauthier/encz/manifest.go:219.51,220.24 1 1
github.com/marcgauthier/encz/manifest.go:220.24,222.3 1 0
github.com/marcgauthier/encz/manifest.go:223.2,223.47 1 1
github.com/marcgauthier/encz/manifest.go:226.44,227.34 1 1
github.com/marcgauthier/encz/manifest.go:227.34,229.3 1 1
github.com/marcgauthier/encz/manifest.go:230.2,230.139 1 0
github.com/marcgauthier/encz/manifest.go:233.66,234.19 1 1
github.com/marcgauthier/encz/manifest.go:234.19,236.3 1 1
github.com/marcgauthier/encz/manifest.go:237.2,238.24 2 0
github.com/marcgauthier/encz/manifest.go:238.24,240.3 1 0
github.com/marcgauthier/encz/manifest.go:241.2,241.12 1 0
github.com/marcgauthier/encz/manifest.go:244.66,254.2 9 1
github.com/marcgauthier/encz/manifest.go:256.45,263.2 1 1
github.com/marcgauthier/encz/manifest.go:265.84,267.19 2 1
github.com/marcgauthier/encz/manifest.go:267.19,269.3 1 1
github.com/marcgauthier/encz/manifest.go:270.2,270.32 1 0
github.com/marcgauthier/encz/manifest.go:270.32,272.3 1 0
github.com/marcgauthier/encz/manifest.go:272.8,272.39 1 0
github.com/marcgauthier/encz/manifest.go:272.39,274.3 1 0
github.com/marcgauthier/encz/manifest.go:275.2,275.33 1 0
github.com/marcgauthier/encz/manifest.go:275.33,277.3 1 0
github.com/marcgauthier/encz/manifest.go:277.8,277.40 1 0
github.com/marcgauthier/encz/manifest.go:277.40,279.3 1 0
github.com/marcgauthier/encz/manifest.go:280.2,282.17 3 0
github.com/marcgauthier/encz/manifest.go:285.76,287.30 2 0
github.com/marcgauthier/encz/manifest.go:287.30,289.3 1 0
github.com/marcgauthier/encz/manifest.go:290.2,290.31 1 0
github.com/marcgauthier/encz/manifest.go:290.31,292.3 1 0
github.com/marcgauthier/encz/manifest.go:293.2,293.17 1 0
github.com/marcgauthier/encz/manifest.go:296.88,298.16 2 1
github.com/marcgauthier/encz/manifest.go:298.16,300.3 1 0
github.com/marcgauthier/encz/manifest.go:301.2,302.16 2 1
github.com/marcgauthier/encz/manifest.go:302.16,304.3 1 0
github.com/marcgauthier/encz/manifest.go:305.2,318.21 3 1
github.com/marcgauthier/encz/manifest.go:321.75,326.29 5 1
github.com/marcgauthier/encz/manifest.go:326.29,328.3 1 0
github.com/marcgauthier/encz/manifest.go:329.2,329.41 1 1
github.com/marcgauthier/encz/manifest.go:329.41,331.3 1 1
github.com/marcgauthier/encz/manifest.go:332.2,332.41 1 1
github.com/marcgauthier/encz/manifest.go:332.41,334.3 1 1
github.com/marcgauthier/encz/manifest.go:337.87,339.28 2 0
github.com/marcgauthier/encz/manifest.go:339.28,341.9 2 0
github.com/marcgauthier/encz/manifest.go:341.9,343.4 1 0
github.com/marcgauthier/encz/manifest.go:343.9,345.4 1 0
github.com/marcgauthier/encz/manifest.go:346.8,348.3 1 0
github.com/marcgauthier/encz/manifest.go:349.2,350.96 2 0
github.com/marcgauthier/encz/manifest.go:353.108,356.16 3 0
github.com/marcgauthier/encz/manifest.go:356.16,358.3 1 0
github.com/marcgauthier/encz/manifest.go:359.2,360.16 2 0
github.com/marcgauthier/encz/manifest.go:360.16,362.3 1 0
github.com/marcgauthier/encz/manifest.go:363.2,365.16 3 0
github.com/marcgauthier/encz/manifest.go:365.16,367.3 1 0
github.com/marcgauthier/encz/manifest.go:368.2,368.56 1 0
github.com/marcgauthier/encz/manifest.go:368.56,370.3 1 0
github.com/marcgauthier/encz/manifest.go:371.2,371.60 1 0
github.com/marcgauthier/encz/manifest.go:371.60,373.3 1 0
github.com/marcgauthier/encz/manifest.go:374.2,375.50 2 0
github.com/marcgauthier/encz/manifest.go:375.50,377.3 1 0
github.com/marcgauthier/encz/manifest.go:378.2,378.40 1 0
github.com/marcgauthier/encz/manifest.go:378.40,380.3 1 0
github.com/marcgauthier/encz/manifest.go:381.2,381.43 1 0
github.com/marcgauthier/encz/manifest.go:381.43,383.3 1 0
github.com/marcgauthier/encz/manifest.go:384.2,384.40 1 0
github.com/marcgauthier/encz/manifest.go:384.40,386.3 1 0
github.com/marcgauthier/encz/manifest.go:387.2,387.43 1 0
github.com/marcgauthier/encz/manifest.go:387.43,389.3 1 0
github.com/marcgauthier/encz/manifest.go:390.2,390.29 1 0
github.com/marcgauthier/encz/manifest.go:393.98,401.50 3 1
github.com/marcgauthier/encz/manifest.go:401.50,403.3 1 0
github.com/marcgauthier/encz/manifest.go:404.2,404.51 1 1
github.com/marcgauthier/encz/manifest.go:404.51,406.3 1 0
github.com/marcgauthier/encz/manifest.go:407.2,408.16 2 1
github.com/marcgauthier/encz/manifest.go:408.16,410.3 1 0
github.com/marcgauthier/encz/manifest.go:411.2,413.16 3 1
github.com/marcgauthier/encz/manifest.go:413.16,415.3 1 0
github.com/marcgauthier/encz/manifest.go:416.2,425.42 10 1
github.com/marcgauthier/encz/manifest.go:428.31,430.2 1 1
github.com/marcgauthier/encz/manifest.go:432.65,434.41 2 0
github.com/marcgauthier/encz/manifest.go:434.41,436.3 1 0
github.com/marcgauthier/encz/manifest.go:437.2,437.56 1 0
github.com/marcgauthier/encz/manifest.go:437.56,439.3 1 0
github.com/marcgauthier/encz/manifest.go:440.2,443.36 4 0
github.com/marcgauthier/encz/manifest.go:443.36,445.3 1 0
github.com/marcgauthier/encz/manifest.go:446.2,456.32 11 0
github.com/marcgauthier/encz/manifest.go:459.78,461.2 1 1
github.com/marcgauthier/encz/manifest.go:463.91,465.16 2 1
github.com/marcgauthier/encz/manifest.go:465.16,467.3 1 0
github.com/marcgauthier/encz/manifest.go:468.2,469.16 2 1
github.com/marcgauthier/encz/manifest.go:469.16,471.3 1 0
github.com/marcgauthier/encz/manifest.go:472.2,472.67 1 1
github.com/marcgauthier/encz/manifest.go:475.96,477.16 2 0
github.com/marcgauthier/encz/manifest.go:477.16,479.3 1 0
github.com/marcgauthier/encz/manifest.go:480.2,481.16 2 0
github.com/marcgauthier/encz/manifest.go:481.16,483.3 1 0
github.com/marcgauthier/encz/manifest.go:484.2,485.16 2 0
github.com/marcgauthier/encz/manifest.go:485.16,487.3 1 0
github.com/marcgauthier/encz/manifest.go:488.2,488.19 1 0
github.com/marcgauthier/encz/manifest.go:491.45,500.2 8 1
github.com/marcgauthier/encz/manifest.go:502.37,504.42 2 1
github.com/marcgauthier/encz/manifest.go:504.42,506.3 1 0
github.com/marcgauthier/encz/manifest.go:507.2,507.37 1 1
github.com/marcgauthier/encz/manifest.go:510.33,512.42 2 1
github.com/marcgauthier/encz/manifest.go:512.42,514.3 1 0
github.com/marcgauthier/encz/manifest.go:515.2,515.37 1 1
github.com/marcgauthier/encz/manifest.go:518.73,519.35 1 0
github.com/marcgauthier/encz/manifest.go:519.35,520.42 1 0
github.com/marcgauthier/encz/manifest.go:520.42,522.4 1 0
github.com/marcgauthier/encz/manifest.go:524.2,524.29 1 0
github.com/marcgauthier/encz/manifest.go:527.56,529.35 2 0
github.com/marcgauthier/encz/manifest.go:529.35,530.24 1 0
github.com/marcgauthier/encz/manifest.go:530.24,532.4 1 0
github.com/marcgauthier/encz/manifest.go:534.2,534.18 1 0
github.com/marcgauthier/encz/manifest.go:537.72,539.48 2 1
github.com/marcgauthier/encz/manifest.go:539.48,541.3 1 0
github.com/marcgauthier/encz/manifest.go:542.2,543.16 2 1
github.com/marcgauthier/encz/manifest.go:543.16,545.3 1 0
github.com/marcgauthier/encz/manifest.go:546.2,548.43 3 1
github.com/marcgauthier/encz/manifest.go:548.43,551.3 2 0
github.com/marcgauthier/encz/manifest.go:552.2,552.40 1 1
github.com/marcgauthier/encz/manifest.go:552.40,555.3 2 0
github.com/marcgauthier/encz/manifest.go:556.2,556.35 1 1
github.com/marcgauthier/encz/manifest.go:556.35,559.3 2 0
github.com/marcgauthier/encz/manifest.go:560.2,560.36 1 1
github.com/marcgauthier/encz/manifest.go:560.36,562.3 1 0
github.com/marcgauthier/encz/manifest.go:563.2,563.49 1 1
github.com/marcgauthier/encz/manifest.go:563.49,565.3 1 0
github.com/marcgauthier/encz/manifest.go:566.2,566.27 1 1
github.com/marcgauthier/encz/manifest.go:569.38,571.16 2 1
github.com/marcgauthier/encz/manifest.go:571.16,573.3 1 0
github.com/marcgauthier/encz/manifest.go:574.2,575.104 2 1
github.com/marcgauthier/encz/manifest.go:575.104,577.3 1 0
github.com/marcgauthier/encz/manifest.go:578.2,578.12 1 1
github.com/marcgauthier/encz/manifest.go:581.64,584.34 3 0
github.com/marcgauthier/encz/manifest.go:584.34,586.3 1 0
github.com/marcgauthier/encz/manifest.go:587.2,589.15 3 0
github.com/marcgauthier/encz/manifest.go:592.50,593.18 1 0
github.com/marcgauthier/encz/manifest.go:593.18,595.3 1 0
github.com/marcgauthier/encz/manifest.go:596.2,596.15 1 0
github.com/marcgauthier/encz/manifest.go:599.28,601.2 1 1
github.com/marcgauthier/encz/manifest.go:603.63,605.2 1 0
github.com/marcgauthier/encz/manifest.go:607.66,609.2 1 1
github.com/marcgauthier/encz/manifest.go:611.112,630.2 2 0
github.com/marcgauthier/encz/manifest.go:632.38,634.2 1 0
github.com/marcgauthier/encz/manifest.go:636.29,638.2 1 1
github.com/marcgauthier/encz/open.go:22.62,23.39 1 1
github.com/marcgauthier/encz/open.go:23.39,25.3 1 0
github.com/marcgauthier/encz/open.go:26.2,27.16 2 1
github.com/marcgauthier/encz/open.go:27.16,29.3 1 0
github.com/marcgauthier/encz/open.go:30.2,31.16 2 1
github.com/marcgauthier/encz/open.go:31.16,34.3 2 0
github.com/marcgauthier/encz/open.go:35.2,41.8 1 1
github.com/marcgauthier/encz/open.go:44.46,46.2 1 0
github.com/marcgauthier/encz/open.go:48.31,49.15 1 1
github.com/marcgauthier/encz/open.go:49.15,51.3 1 0
github.com/marcgauthier/encz/open.go:52.2,52.14 1 1
github.com/marcgauthier/encz/open.go:55.29,56.15 1 1
github.com/marcgauthier/encz/open.go:56.15,58.3 1 0
github.com/marcgauthier/encz/open.go:59.2,60.15 2 1
github.com/marcgauthier/encz/open.go:60.15,63.3 2 0
github.com/marcgauthier/encz/open.go:64.2,65.19 2 1
github.com/marcgauthier/encz/open.go:65.19,68.3 2 1
github.com/marcgauthier/encz/open.go:69.2,74.25 6 1
github.com/marcgauthier/encz/open.go:74.25,76.3 1 1
github.com/marcgauthier/encz/open.go:77.2,77.12 1 1
github.com/marcgauthier/encz/open.go:80.50,81.34 1 0
github.com/marcgauthier/encz/open.go:81.34,83.3 1 0
github.com/marcgauthier/encz/open.go:84.2,86.15 3 0
github.com/marcgauthier/encz/open.go:86.15,88.3 1 0
github.com/marcgauthier/encz/open.go:89.2,89.86 1 0
github.com/marcgauthier/encz/open.go:89.86,91.3 1 0
github.com/marcgauthier/encz/open.go:92.2,98.16 6 0
github.com/marcgauthier/encz/open.go:98.16,100.3 1 0
github.com/marcgauthier/encz/open.go:101.2,103.74 3 0
github.com/marcgauthier/encz/open.go:103.74,105.3 1 0
github.com/marcgauthier/encz/open.go:106.2,106.19 1 0
github.com/marcgauthier/encz/open.go:106.19,108.3 1 0
github.com/marcgauthier/encz/open.go:109.2,111.12 3 0
github.com/marcgauthier/encz/open.go:114.62,117.15 3 0
github.com/marcgauthier/encz/open.go:117.15,119.3 1 0
github.com/marcgauthier/encz/open.go:120.2,121.16 2 0
github.com/marcgauthier/encz/open.go:121.16,123.3 1 0
github.com/marcgauthier/encz/open.go:124.2,125.16 2 0
github.com/marcgauthier/encz/open.go:125.16,127.3 1 0
github.com/marcgauthier/encz/open.go:128.2,129.71 2 0
github.com/marcgauthier/encz/open.go:129.71,131.3 1 0
github.com/marcgauthier/encz/open.go:132.2,132.70 1 0
github.com/marcgauthier/encz/open.go:135.54,138.15 3 0
github.com/marcgauthier/encz/open.go:138.15,140.3 1 0
github.com/marcgauthier/encz/open.go:141.2,142.16 2 0
github.com/marcgauthier/encz/open.go:142.16,143.27 1 0
github.com/marcgauthier/encz/open.go:143.27,145.4 1 0
github.com/marcgauthier/encz/open.go:146.3,146.29 1 0
github.com/marcgauthier/encz/open.go:148.2,148.71 1 0
github.com/marcgauthier/encz/open.go:151.45,153.16 2 1
github.com/marcgauthier/encz/open.go:153.16,155.3 1 0
github.com/marcgauthier/encz/open.go:156.2,156.34 1 1
github.com/marcgauthier/encz/open.go:156.34,159.3 2 0
github.com/marcgauthier/encz/open.go:160.2,160.16 1 1
github.com/marcgauthier/encz/registry.go:30.75,31.16 1 1
github.com/marcgauthier/encz/registry.go:31.16,33.3 1 0
github.com/marcgauthier/encz/registry.go:34.2,35.41 2 1
github.com/marcgauthier/encz/registry.go:38.168,40.16 2 1
github.com/marcgauthier/encz/registry.go:40.16,42.3 1 0
github.com/marcgauthier/encz/registry.go:43.2,44.88 2 1
github.com/marcgauthier/encz/registry.go:44.88,46.3 1 1
github.com/marcgauthier/encz/registry.go:47.2,60.20 6 1
github.com/marcgauthier/encz/registry.go:63.57,68.2 4 1
github.com/marcgauthier/encz/registry.go:70.40,73.8 3 1
github.com/marcgauthier/encz/registry.go:73.8,75.3 1 1
github.com/marcgauthier/encz/registry.go:76.2,77.9 2 1
github.com/marcgauthier/encz/registry.go:77.9,79.3 1 0
github.com/marcgauthier/encz/registry.go:80.2,82.26 3 1
github.com/marcgauthier/encz/registry.go:82.26,85.3 2 1
github.com/marcgauthier/encz/registry.go:86.2,86.31 1 1
github.com/marcgauthier/encz/registry.go:86.31,87.17 1 1
github.com/marcgauthier/encz/registry.go:87.17,89.4 1 1
github.com/marcgauthier/encz/registry.go:91.2,91.16 1 1
github.com/marcgauthier/encz/registry.go:94.82,96.9 2 0
github.com/marcgauthier/encz/registry.go:96.9,98.3 1 0
github.com/marcgauthier/encz/registry.go:99.2,101.26 3 0
github.com/marcgauthier/encz/registry.go:101.26,103.3 1 0
github.com/marcgauthier/encz/registry.go:104.2,104.46 1 0
github.com/marcgauthier/encz/registry.go:107.101,109.9 2 0
github.com/marcgauthier/encz/registry.go:109.9,111.3 1 0
github.com/marcgauthier/encz/registry.go:112.2,113.16 2 0
github.com/marcgauthier/encz/registry.go:113.16,115.3 1 0
github.com/marcgauthier/encz/registry.go:116.2,118.31 3 0
github.com/marcgauthier/encz/registry.go:118.31,119.17 1 0
github.com/marcgauthier/encz/registry.go:119.17,121.4 1 0
github.com/marcgauthier/encz/registry.go:123.2,126.12 4 0
github.com/marcgauthier/encz/registry.go:129.98,131.35 2 1
github.com/marcgauthier/encz/registry.go:131.35,133.39 2 1
github.com/marcgauthier/encz/registry.go:133.39,134.29 1 0
github.com/marcgauthier/encz/registry.go:134.29,135.19 1 0
github.com/marcgauthier/encz/registry.go:135.19,137.6 1 0
github.com/marcgauthier/encz/registry.go:139.4,139.34 1 0
github.com/marcgauthier/encz/registry.go:141.3,141.57 1 1
github.com/marcgauthier/encz/registry.go:143.2,143.48 1 1
github.com/marcgauthier/encz/registry.go:143.48,144.28 1 0
github.com/marcgauthier/encz/registry.go:144.28,145.18 1 0
github.com/marcgauthier/encz/registry.go:145.18,147.5 1 0
github.com/marcgauthier/encz/registry.go:149.3,149.33 1 0
github.com/marcgauthier/encz/registry.go:151.2,151.18 1 1
github.com/marcgauthier/encz/registry.go:154.62,158.40 4 1
github.com/marcgauthier/encz/registry.go:158.40,160.3 1 0
github.com/marcgauthier/encz/registry.go:161.2,162.13 2 1
github.com/marcgauthier/encz/registry.go:165.64,169.67 3 1
github.com/marcgauthier/encz/registry.go:169.67,170.63 1 0
github.com/marcgauthier/encz/registry.go:170.63,172.4 1 0
github.com/marcgauthier/encz/registry.go:175.2,176.40 2 1
github.com/marcgauthier/encz/registry.go:176.40,178.3 1 0
github.com/marcgauthier/encz/registry.go:179.2,180.39 2 1
github.com/marcgauthier/encz/registry.go:183.66,186.16 3 0
github.com/marcgauthier/encz/registry.go:186.16,188.3 1 0
github.com/marcgauthier/encz/registry.go:189.2,190.38 2 0
github.com/marcgauthier/encz/registry.go:190.38,192.3 1 0
github.com/marcgauthier/encz/registry.go:194.2,203.79 6 0
github.com/marcgauthier/encz/registry.go:203.79,205.3 1 0
github.com/marcgauthier/encz/registry.go:207.2,209.12 3 0
github.com/marcgauthier/encz/backup.go:50.69,51.37 1 1
github.com/marcgauthier/encz/backup.go:51.37,53.3 1 0
github.com/marcgauthier/encz/backup.go:55.2,58.15 3 1
github.com/marcgauthier/encz/backup.go:58.15,60.3 1 0
github.com/marcgauthier/encz/backup.go:62.2,63.16 2 1
github.com/marcgauthier/encz/backup.go:63.16,65.3 1 0
github.com/marcgauthier/encz/backup.go:67.2,68.16 2 1
github.com/marcgauthier/encz/backup.go:68.16,70.3 1 0
github.com/marcgauthier/encz/backup.go:71.2,71.21 1 1
github.com/marcgauthier/encz/backup.go:71.21,73.3 1 0
github.com/marcgauthier/encz/backup.go:75.2,76.16 2 1
github.com/marcgauthier/encz/backup.go:76.16,78.3 1 0
github.com/marcgauthier/encz/backup.go:80.2,80.65 1 1
github.com/marcgauthier/encz/backup.go:80.65,82.3 1 0
github.com/marcgauthier/encz/backup.go:83.2,83.51 1 1
github.com/marcgauthier/encz/backup.go:83.51,85.3 1 0
github.com/marcgauthier/encz/backup.go:85.8,85.19 1 1
github.com/marcgauthier/encz/backup.go:85.19,87.3 1 0
github.com/marcgauthier/encz/backup.go:89.2,94.15 5 1
github.com/marcgauthier/encz/backup.go:94.15,95.37 1 1
github.com/marcgauthier/encz/backup.go:95.37,97.4 1 1
github.com/marcgauthier/encz/backup.go:98.3,98.17 1 1
github.com/marcgauthier/encz/backup.go:98.17,100.4 1 0
github.com/marcgauthier/encz/backup.go:103.2,103.67 1 1
github.com/marcgauthier/encz/backup.go:103.67,104.17 1 1
github.com/marcgauthier/encz/backup.go:104.17,105.12 1 0
github.com/marcgauthier/encz/backup.go:107.3,108.21 2 1
github.com/marcgauthier/encz/backup.go:108.21,110.4 1 0
github.com/marcgauthier/encz/backup.go:111.3,111.13 1 1
github.com/marcgauthier/encz/backup.go:111.13,113.4 1 0
github.com/marcgauthier/encz/backup.go:116.2,117.16 2 1
github.com/marcgauthier/encz/backup.go:117.16,119.3 1 0
github.com/marcgauthier/encz/backup.go:120.2,123.16 4 1
github.com/marcgauthier/encz/backup.go:123.16,125.3 1 0
github.com/marcgauthier/encz/backup.go:126.2,127.79 2 1
github.com/marcgauthier/encz/backup.go:127.79,129.3 1 0
github.com/marcgauthier/encz/backup.go:130.2,130.48 1 1
github.com/marcgauthier/encz/backup.go:130.48,132.3 1 0
github.com/marcgauthier/encz/backup.go:134.2,135.16 2 1
github.com/marcgauthier/encz/backup.go:135.16,137.3 1 0
github.com/marcgauthier/encz/backup.go:138.2,138.81 1 1
github.com/marcgauthier/encz/backup.go:138.81,140.3 1 0
github.com/marcgauthier/encz/backup.go:142.2,142.102 1 1
github.com/marcgauthier/encz/backup.go:142.102,144.3 1 0
github.com/marcgauthier/encz/backup.go:145.2,145.58 1 1
github.com/marcgauthier/encz/backup.go:148.84,149.14 1 1
github.com/marcgauthier/encz/backup.go:150.36,151.39 1 1
github.com/marcgauthier/encz/backup.go:152.30,153.37 1 0
github.com/marcgauthier/encz/backup.go:154.29,155.73 1 0
github.com/marcgauthier/encz/backup.go:156.10,157.73 1 0
github.com/marcgauthier/encz/backup.go:161.58,165.16 4 1
github.com/marcgauthier/encz/backup.go:165.16,167.3 1 0
github.com/marcgauthier/encz/backup.go:168.2,168.57 1 1
github.com/marcgauthier/encz/backup.go:174.59,175.35 1 0
github.com/marcgauthier/encz/backup.go:175.35,177.3 1 0
github.com/marcgauthier/encz/backup.go:178.2,178.40 1 0
github.com/marcgauthier/encz/backup.go:178.40,180.3 1 0
github.com/marcgauthier/encz/backup.go:181.2,181.41 1 0
github.com/marcgauthier/encz/backup.go:181.41,183.3 1 0
github.com/marcgauthier/encz/backup.go:185.2,186.16 2 0
github.com/marcgauthier/encz/backup.go:186.16,188.3 1 0
github.com/marcgauthier/encz/backup.go:190.2,191.16 2 0
github.com/marcgauthier/encz/backup.go:191.16,193.3 1 0
github.com/marcgauthier/encz/backup.go:195.2,199.16 4 0
github.com/marcgauthier/encz/backup.go:199.16,201.3 1 0
github.com/marcgauthier/encz/backup.go:203.2,204.16 2 0
github.com/marcgauthier/encz/backup.go:204.16,206.3 1 0
github.com/marcgauthier/encz/backup.go:207.2,210.16 4 0
github.com/marcgauthier/encz/backup.go:210.16,212.3 1 0
github.com/marcgauthier/encz/backup.go:213.2,216.83 3 0
github.com/marcgauthier/encz/backup.go:216.83,218.3 1 0
github.com/marcgauthier/encz/backup.go:219.2,219.23 1 0
github.com/marcgauthier/encz/backup.go:219.23,221.3 1 0
github.com/marcgauthier/encz/backup.go:222.2,222.12 1 0
github.com/marcgauthier/encz/backup.go:229.87,230.34 1 1
github.com/marcgauthier/encz/backup.go:230.34,232.3 1 0
github.com/marcgauthier/encz/backup.go:233.2,233.40 1 1
github.com/marcgauthier/encz/backup.go:233.40,235.3 1 0
github.com/marcgauthier/encz/backup.go:236.2,236.39 1 1
github.com/marcgauthier/encz/backup.go:236.39,238.3 1 0
github.com/marcgauthier/encz/backup.go:240.2,241.16 2 1
github.com/marcgauthier/encz/backup.go:241.16,243.3 1 0
github.com/marcgauthier/encz/backup.go:244.2,247.16 3 1
github.com/marcgauthier/encz/backup.go:247.16,249.3 1 1
github.com/marcgauthier/encz/backup.go:251.2,252.16 2 1
github.com/marcgauthier/encz/backup.go:252.16,254.3 1 0
github.com/marcgauthier/encz/backup.go:255.2,257.28 2 1
github.com/marcgauthier/encz/backup.go:257.28,258.28 1 1
github.com/marcgauthier/encz/backup.go:258.28,260.45 2 1
github.com/marcgauthier/encz/backup.go:260.45,262.5 1 1
github.com/marcgauthier/encz/backup.go:266.2,266.53 1 1
github.com/marcgauthier/encz/backup.go:266.53,268.3 1 0
github.com/marcgauthier/encz/backup.go:270.2,271.27 2 1
github.com/marcgauthier/encz/backup.go:271.27,273.66 2 1
github.com/marcgauthier/encz/backup.go:273.66,275.4 1 0
github.com/marcgauthier/encz/backup.go:276.3,276.52 1 1
github.com/marcgauthier/encz/backup.go:276.52,278.4 1 0
github.com/marcgauthier/encz/backup.go:279.3,279.45 1 1
github.com/marcgauthier/encz/backup.go:279.45,281.4 1 1
github.com/marcgauthier/encz/backup.go:281.9,281.47 1 1
github.com/marcgauthier/encz/backup.go:281.47,283.4 1 1
github.com/marcgauthier/encz/backup.go:286.2,286.18 1 1
github.com/marcgauthier/encz/backup.go:286.18,288.3 1 0
github.com/marcgauthier/encz/backup.go:289.2,289.24 1 1
github.com/marcgauthier/encz/backup.go:289.24,291.3 1 0
github.com/marcgauthier/encz/backup.go:293.2,297.16 4 1
github.com/marcgauthier/encz/backup.go:297.16,299.3 1 0
github.com/marcgauthier/encz/backup.go:301.2,302.16 2 1
github.com/marcgauthier/encz/backup.go:302.16,304.3 1 0
github.com/marcgauthier/encz/backup.go:305.2,309.16 4 1
github.com/marcgauthier/encz/backup.go:309.16,311.3 1 0
github.com/marcgauthier/encz/backup.go:312.2,315.83 3 1
github.com/marcgauthier/encz/backup.go:315.83,317.3 1 0
github.com/marcgauthier/encz/backup.go:318.2,318.23 1 1
github.com/marcgauthier/encz/backup.go:318.23,320.3 1 0
github.com/marcgauthier/encz/backup.go:322.2,322.12 1 1
github.com/marcgauthier/encz/backup.go:325.100,326.55 1 0
github.com/marcgauthier/encz/backup.go:326.55,328.3 1 0
github.com/marcgauthier/encz/backup.go:330.2,331.16 2 0
github.com/marcgauthier/encz/backup.go:331.16,333.3 1 0
github.com/marcgauthier/encz/backup.go:334.2,336.27 2 0
github.com/marcgauthier/encz/backup.go:336.27,338.66 2 0
github.com/marcgauthier/encz/backup.go:338.66,340.4 1 0
github.com/marcgauthier/encz/backup.go:341.3,341.52 1 0
github.com/marcgauthier/encz/backup.go:341.52,343.4 1 0
github.com/marcgauthier/encz/backup.go:344.3,344.45 1 0
github.com/marcgauthier/encz/backup.go:344.45,346.12 2 0
github.com/marcgauthier/encz/backup.go:348.3,348.40 1 0
github.com/marcgauthier/encz/backup.go:348.40,350.4 1 0
github.com/marcgauthier/encz/backup.go:353.2,353.18 1 0
github.com/marcgauthier/encz/backup.go:353.18,355.3 1 0
github.com/marcgauthier/encz/backup.go:356.2,356.24 1 0
github.com/marcgauthier/encz/backup.go:356.24,358.3 1 0
github.com/marcgauthier/encz/backup.go:359.2,359.34 1 0
github.com/marcgauthier/encz/backup.go:362.56,364.16 2 1
github.com/marcgauthier/encz/backup.go:364.16,366.3 1 0
github.com/marcgauthier/encz/backup.go:367.2,370.16 3 1
github.com/marcgauthier/encz/backup.go:370.16,372.3 1 0
github.com/marcgauthier/encz/backup.go:373.2,376.12 3 1
github.com/marcgauthier/encz/backup.go:379.79,380.41 1 1
github.com/marcgauthier/encz/backup.go:380.41,382.3 1 0
github.com/marcgauthier/encz/backup.go:383.2,383.55 1 1
github.com/marcgauthier/encz/backup.go:383.55,385.3 1 0
github.com/marcgauthier/encz/backup.go:386.2,389.74 4 1
github.com/marcgauthier/encz/backup.go:389.74,391.3 1 1
github.com/marcgauthier/encz/backup.go:392.2,392.21 1 1
github.com/marcgauthier/encz/backup.go:395.97,397.16 2 1
github.com/marcgauthier/encz/backup.go:397.16,399.3 1 0
github.com/marcgauthier/encz/backup.go:400.2,401.16 2 1
github.com/marcgauthier/encz/backup.go:401.16,403.3 1 0
github.com/marcgauthier/encz/backup.go:404.2,405.16 2 1
github.com/marcgauthier/encz/backup.go:405.16,407.3 1 0
github.com/marcgauthier/encz/backup.go:408.2,418.51 11 1
github.com/marcgauthier/encz/backup.go:421.98,423.16 2 1
github.com/marcgauthier/encz/backup.go:423.16,425.3 1 0
github.com/marcgauthier/encz/backup.go:426.2,427.16 2 1
github.com/marcgauthier/encz/backup.go:427.16,429.3 1 0
github.com/marcgauthier/encz/backup.go:430.2,432.16 3 1
github.com/marcgauthier/encz/backup.go:432.16,434.3 1 1
github.com/marcgauthier/encz/backup.go:435.2,435.47 1 1
github.com/marcgauthier/encz/backup.go:438.94,445.50 7 1
github.com/marcgauthier/encz/backup.go:445.50,447.3 1 0
github.com/marcgauthier/encz/backup.go:448.2,448.51 1 1
github.com/marcgauthier/encz/backup.go:448.51,450.3 1 0
github.com/marcgauthier/encz/backup.go:451.2,451.51 1 1
github.com/marcgauthier/encz/backup.go:463.36,465.2 1 1
github.com/marcgauthier/encz/backup.go:467.75,469.46 2 1
github.com/marcgauthier/encz/backup.go:469.46,471.3 1 0
github.com/marcgauthier/encz/backup.go:472.2,472.66 1 1
github.com/marcgauthier/encz/backup.go:472.66,474.3 1 0
github.com/marcgauthier/encz/backup.go:475.2,478.41 4 1
github.com/marcgauthier/encz/backup.go:478.41,480.3 1 0
github.com/marcgauthier/encz/backup.go:481.2,491.32 11 1
github.com/marcgauthier/encz/backup.go:494.89,496.2 1 1
github.com/marcgauthier/encz/backup.go:498.91,500.16 2 1
github.com/marcgauthier/encz/backup.go:500.16,502.3 1 0
github.com/marcgauthier/encz/backup.go:503.2,504.16 2 1
github.com/marcgauthier/encz/backup.go:504.16,506.3 1 0
github.com/marcgauthier/encz/backup.go:507.2,507.72 1 1
github.com/marcgauthier/encz/backup.go:510.96,512.16 2 1
github.com/marcgauthier/encz/backup.go:512.16,514.3 1 0
github.com/marcgauthier/encz/backup.go:515.2,516.16 2 1
github.com/marcgauthier/encz/backup.go:516.16,518.3 1 0
github.com/marcgauthier/encz/backup.go:519.2,520.16 2 1
github.com/marcgauthier/encz/backup.go:520.16,522.3 1 1
github.com/marcgauthier/encz/backup.go:523.2,523.19 1 1
github.com/marcgauthier/encz/backup.go:526.55,535.2 8 1
github.com/marcgauthier/encz/backup.go:537.74,539.16 2 1
github.com/marcgauthier/encz/backup.go:539.16,541.3 1 0
github.com/marcgauthier/encz/backup.go:542.2,545.16 3 1
github.com/marcgauthier/encz/backup.go:545.16,547.3 1 0
github.com/marcgauthier/encz/backup.go:548.2,550.44 2 1
github.com/marcgauthier/encz/backup.go:550.44,552.10 2 1
github.com/marcgauthier/encz/backup.go:552.10,554.4 1 0
github.com/marcgauthier/encz/backup.go:555.3,555.47 1 1
github.com/marcgauthier/encz/backup.go:555.47,557.11 2 1
github.com/marcgauthier/encz/backup.go:557.11,559.5 1 0
github.com/marcgauthier/encz/backup.go:560.4,561.18 2 1
github.com/marcgauthier/encz/backup.go:561.18,563.5 1 0
github.com/marcgauthier/encz/backup.go:564.4,567.18 3 1
github.com/marcgauthier/encz/backup.go:567.18,569.5 1 0
github.com/marcgauthier/encz/backup.go:570.4,570.13 1 1
github.com/marcgauthier/encz/backup.go:570.13,572.5 1 0
github.com/marcgauthier/encz/backup.go:573.4,573.14 1 1
github.com/marcgauthier/encz/backup.go:578.99,580.16 2 1
github.com/marcgauthier/encz/backup.go:580.16,582.3 1 0
github.com/marcgauthier/encz/backup.go:584.2,585.31 2 1
github.com/marcgauthier/encz/backup.go:585.31,586.36 1 1
github.com/marcgauthier/encz/backup.go:586.36,589.4 2 0
github.com/marcgauthier/encz/backup.go:590.3,590.19 1 1
github.com/marcgauthier/encz/backup.go:593.2,593.29 1 1
github.com/marcgauthier/encz/backup.go:593.29,594.61 1 1
github.com/marcgauthier/encz/backup.go:594.61,598.4 3 0
github.com/marcgauthier/encz/backup.go:601.2,601.23 1 1
github.com/marcgauthier/encz/backup.go:604.85,606.16 2 1
github.com/marcgauthier/encz/backup.go:606.16,608.3 1 0
github.com/marcgauthier/encz/backup.go:609.2,610.16 2 1
github.com/marcgauthier/encz/backup.go:610.16,612.3 1 0
github.com/marcgauthier/encz/backup.go:613.2,614.21 2 1
github.com/marcgauthier/encz/backup.go:615.30,616.25 1 0
github.com/marcgauthier/encz/backup.go:617.10,618.27 1 1
github.com/marcgauthier/encz/backup.go:621.2,622.16 2 1
github.com/marcgauthier/encz/backup.go:622.16,624.3 1 0
github.com/marcgauthier/encz/backup.go:625.2,626.16 2 1
github.com/marcgauthier/encz/backup.go:626.16,628.3 1 0
github.com/marcgauthier/encz/backup.go:629.2,632.12 3 1
github.com/marcgauthier/encz/driver.go:18.13,20.2 1 1
github.com/marcgauthier/encz/driver.go:22.23,23.31 1 1
github.com/marcgauthier/encz/driver.go:23.31,24.40 1 1
github.com/marcgauthier/encz/driver.go:24.40,27.4 2 0
github.com/marcgauthier/encz/driver.go:28.3,29.49 1 1
github.com/marcgauthier/encz/driver.go:29.49,31.5 1 1
github.com/marcgauthier/encz/driver.go:34.2,34.26 1 1
github.com/marcgauthier/encz/driver.go:37.27,38.35 1 1
github.com/marcgauthier/encz/driver.go:38.35,40.3 1 0
github.com/marcgauthier/encz/driver.go:41.2,41.12 1 1
github.com/marcgauthier/encz/dsn.go:18.49,20.45 2 1
github.com/marcgauthier/encz/dsn.go:20.45,22.3 1 1
github.com/marcgauthier/encz/dsn.go:23.2,23.20 1 1
github.com/marcgauthier/encz/dsn.go:23.20,26.3 2 0
github.com/marcgauthier/encz/dsn.go:27.2,27.28 1 1
github.com/marcgauthier/encz/dsn.go:27.28,29.3 1 0
github.com/marcgauthier/encz/dsn.go:30.2,30.35 1 1
github.com/marcgauthier/encz/dsn.go:30.35,32.3 1 0
github.com/marcgauthier/encz/dsn.go:34.2,35.47 2 1
github.com/marcgauthier/encz/dsn.go:35.47,37.3 1 1
github.com/marcgauthier/encz/dsn.go:38.2,38.12 1 1
github.com/marcgauthier/encz/dsn.go:41.44,43.2 1 0
github.com/marcgauthier/encz/encz_bridge.go:24.27,25.29 1 1
github.com/marcgauthier/encz/encz_bridge.go:25.29,27.29 2 1
github.com/marcgauthier/encz/encz_bridge.go:27.29,29.4 1 0
github.com/marcgauthier/encz/encz_bridge.go:31.2,31.24 1 1
github.com/marcgauthier/encz/encz_keys.go:11.74,13.23 2 1
github.com/marcgauthier/encz/encz_keys.go:13.23,15.3 1 0
github.com/marcgauthier/encz/encz_keys.go:16.2,17.38 2 1
github.com/marcgauthier/encz/encz_keys.go:17.38,19.3 1 0
github.com/marcgauthier/encz/encz_keys.go:20.2,20.10 1 1
github.com/marcgauthier/encz/encz_keys.go:24.84,26.42 2 1
github.com/marcgauthier/encz/encz_keys.go:26.42,28.3 1 0
github.com/marcgauthier/encz/encz_keys.go:29.2,31.9 3 1
github.com/marcgauthier/encz/encz_keys.go:31.9,33.3 1 0
github.com/marcgauthier/encz/encz_keys.go:34.2,35.10 2 1
github.com/marcgauthier/encz/encz_keys.go:39.63,41.23 2 1
github.com/marcgauthier/encz/encz_keys.go:41.23,43.3 1 0
github.com/marcgauthier/encz/encz_keys.go:44.2,46.10 3 1
github.com/marcgauthier/encz/encz_log.go:16.29,18.23 2 0
github.com/marcgauthier/encz/encz_log.go:18.23,20.3 1 0
github.com/marcgauthier/encz/encz_log.go:20.8,22.3 1 0
github.com/marcgauthier/encz/manifest.go:36.47,37.34 1 1
github.com/marcgauthier/encz/manifest.go:37.34,39.3 1 1
github.com/marcgauthier/encz/manifest.go:40.2,40.66 1 0
github.com/marcgauthier/encz/manifest.go:118.85,119.20 1 1
github.com/marcgauthier/encz/manifest.go:119.20,121.3 1 0
github.com/marcgauthier/encz/manifest.go:122.2,122.30 1 1
github.com/marcgauthier/encz/manifest.go:122.30,124.3 1 0
github.com/marcgauthier/encz/manifest.go:125.2,125.30 1 1
github.com/marcgauthier/encz/manifest.go:125.30,127.3 1 0
github.com/marcgauthier/encz/manifest.go:129.2,131.16 3 1
github.com/marcgauthier/encz/manifest.go:131.16,133.3 1 0
github.com/marcgauthier/encz/manifest.go:134.2,135.16 2 1
github.com/marcgauthier/encz/manifest.go:135.16,137.3 1 0
github.com/marcgauthier/encz/manifest.go:138.2,148.34 5 1
github.com/marcgauthier/encz/manifest.go:148.34,149.21 1 1
github.com/marcgauthier/encz/manifest.go:149.21,151.4 1 0
github.com/marcgauthier/encz/manifest.go:152.3,153.17 2 1
github.com/marcgauthier/encz/manifest.go:153.17,155.4 1 0
github.com/marcgauthier/encz/manifest.go:156.3,157.17 2 1
github.com/marcgauthier/encz/manifest.go:157.17,159.4 1 0
github.com/marcgauthier/encz/manifest.go:160.3,160.69 1 1
github.com/marcgauthier/encz/manifest.go:160.69,162.4 1 0
github.com/marcgauthier/encz/manifest.go:163.8,164.34 1 1
github.com/marcgauthier/encz/manifest.go:164.34,166.4 1 0
github.com/marcgauthier/encz/manifest.go:167.3,167.34 1 1
github.com/marcgauthier/encz/manifest.go:167.34,169.4 1 0
github.com/marcgauthier/encz/manifest.go:171.3,172.17 2 1
github.com/marcgauthier/encz/manifest.go:172.17,174.4 1 0
github.com/marcgauthier/encz/manifest.go:175.3,176.53 2 1
github.com/marcgauthier/encz/manifest.go:176.53,178.70 2 0
github.com/marcgauthier/encz/manifest.go:178.70,180.5 1 0
github.com/marcgauthier/encz/manifest.go:184.2,185.16 2 1
github.com/marcgauthier/encz/manifest.go:185.16,187.3 1 0
github.com/marcgauthier/encz/manifest.go:188.2,188.72 1 1
github.com/marcgauthier/encz/manifest.go:191.44,193.16 2 1
github.com/marcgauthier/encz/manifest.go:193.16,195.3 1 1
github.com/marcgauthier/encz/manifest.go:196.2,196.36 1 1
github.com/marcgauthier/encz/manifest.go:196.36,198.3 1 1
github.com/marcgauthier/encz/manifest.go:199.2,199.19 1 0
github.com/marcgauthier/encz/manifest.go:202.42,204.14 2 1
github.com/marcgauthier/encz/manifest.go:205.17,206.14 1 1
github.com/marcgauthier/encz/manifest.go:207.10,208.15 1 0
github.com/marcgauthier/encz/manifest.go:212.56,213.29 1 1
github.com/marcgauthier/encz/manifest.go:213.29,215.3 1 0
github.com/marcgauthier/encz/manifest.go:216.2,216.23 1 1
github.com/marcgauthier/encz/manifest.go:219.51,220.24 1 1
github.com/marcgauthier/encz/manifest.go:220.24,222.3 1 0
github.com/marcgauthier/encz/manifest.go:223.2,223.47 1 1
github.com/marcgauthier/encz/manifest.go:226.44,227.34 1 1
github.com/marcgauthier/encz/manifest.go:227.34,229.3 1 1
github.com/marcgauthier/encz/manifest.go:230.2,230.139 1 0
github.com/marcgauthier/encz/manifest.go:233.66,234.19 1 1
github.com/marcgauthier/encz/manifest.go:234.19,236.3 1 1
github.com/marcgauthier/encz/manifest.go:237.2,238.24 2 0
github.com/marcgauthier/encz/manifest.go:238.24,240.3 1 0
github.com/marcgauthier/encz/manifest.go:241.2,241.12 1 0
github.com/marcgauthier/encz/manifest.go:244.66,254.2 9 1
github.com/marcgauthier/encz/manifest.go:256.45,263.2 1 1
github.com/marcgauthier/encz/manifest.go:265.84,267.19 2 1
github.com/marcgauthier/encz/manifest.go:267.19,269.3 1 1
github.com/marcgauthier/encz/manifest.go:270.2,270.32 1 0
github.com/marcgauthier/encz/manifest.go:270.32,272.3 1 0
github.com/marcgauthier/encz/manifest.go:272.8,272.39 1 0
github.com/marcgauthier/encz/manifest.go:272.39,274.3 1 0
github.com/marcgauthier/encz/manifest.go:275.2,275.33 1 0
github.com/marcgauthier/encz/manifest.go:275.33,277.3 1 0
github.com/marcgauthier/encz/manifest.go:277.8,277.40 1 0
github.com/marcgauthier/encz/manifest.go:277.40,279.3 1 0
github.com/marcgauthier/encz/manifest.go:280.2,282.17 3 0
github.com/marcgauthier/encz/manifest.go:285.76,287.30 2 0
github.com/marcgauthier/encz/manifest.go:287.30,289.3 1 0
github.com/marcgauthier/encz/manifest.go:290.2,290.31 1 0
github.com/marcgauthier/encz/manifest.go:290.31,292.3 1 0
github.com/marcgauthier/encz/manifest.go:293.2,293.17 1 0
github.com/marcgauthier/encz/manifest.go:296.88,298.16 2 1
github.com/marcgauthier/encz/manifest.go:298.16,300.3 1 0
github.com/marcgauthier/encz/manifest.go:301.2,302.16 2 1
github.com/marcgauthier/encz/manifest.go:302.16,304.3 1 0
github.com/marcgauthier/encz/manifest.go:305.2,318.21 3 1
github.com/marcgauthier/encz/manifest.go:321.75,326.29 5 1
github.com/marcgauthier/encz/manifest.go:326.29,328.3 1 0
github.com/marcgauthier/encz/manifest.go:329.2,329.41 1 1
github.com/marcgauthier/encz/manifest.go:329.41,331.3 1 1
github.com/marcgauthier/encz/manifest.go:332.2,332.41 1 1
github.com/marcgauthier/encz/manifest.go:332.41,334.3 1 1
github.com/marcgauthier/encz/manifest.go:337.87,339.28 2 0
github.com/marcgauthier/encz/manifest.go:339.28,341.9 2 0
github.com/marcgauthier/encz/manifest.go:341.9,343.4 1 0
github.com/marcgauthier/encz/manifest.go:343.9,345.4 1 0
github.com/marcgauthier/encz/manifest.go:346.8,348.3 1 0
github.com/marcgauthier/encz/manifest.go:349.2,350.96 2 0
github.com/marcgauthier/encz/manifest.go:353.108,356.16 3 1
github.com/marcgauthier/encz/manifest.go:356.16,358.3 1 0
github.com/marcgauthier/encz/manifest.go:359.2,360.16 2 1
github.com/marcgauthier/encz/manifest.go:360.16,362.3 1 0
github.com/marcgauthier/encz/manifest.go:363.2,365.16 3 1
github.com/marcgauthier/encz/manifest.go:365.16,367.3 1 0
github.com/marcgauthier/encz/manifest.go:368.2,368.56 1 1
github.com/marcgauthier/encz/manifest.go:368.56,370.3 1 0
github.com/marcgauthier/encz/manifest.go:371.2,371.60 1 1
github.com/marcgauthier/encz/manifest.go:371.60,373.3 1 0
github.com/marcgauthier/encz/manifest.go:374.2,375.50 2 1
github.com/marcgauthier/encz/manifest.go:375.50,377.3 1 0
github.com/marcgauthier/encz/manifest.go:378.2,378.40 1 1
github.com/marcgauthier/encz/manifest.go:378.40,380.3 1 0
github.com/marcgauthier/encz/manifest.go:381.2,381.43 1 1
github.com/marcgauthier/encz/manifest.go:381.43,383.3 1 0
github.com/marcgauthier/encz/manifest.go:384.2,384.40 1 1
github.com/marcgauthier/encz/manifest.go:384.40,386.3 1 0
github.com/marcgauthier/encz/manifest.go:387.2,387.43 1 1
github.com/marcgauthier/encz/manifest.go:387.43,389.3 1 0
github.com/marcgauthier/encz/manifest.go:390.2,390.29 1 1
github.com/marcgauthier/encz/manifest.go:393.98,401.50 3 1
github.com/marcgauthier/encz/manifest.go:401.50,403.3 1 0
github.com/marcgauthier/encz/manifest.go:404.2,404.51 1 1
github.com/marcgauthier/encz/manifest.go:404.51,406.3 1 0
github.com/marcgauthier/encz/manifest.go:407.2,408.16 2 1
github.com/marcgauthier/encz/manifest.go:408.16,410.3 1 0
github.com/marcgauthier/encz/manifest.go:411.2,413.16 3 1
github.com/marcgauthier/encz/manifest.go:413.16,415.3 1 0
github.com/marcgauthier/encz/manifest.go:416.2,425.42 10 1
github.com/marcgauthier/encz/manifest.go:428.31,430.2 1 1
github.com/marcgauthier/encz/manifest.go:432.65,434.41 2 1
github.com/marcgauthier/encz/manifest.go:434.41,436.3 1 0
github.com/marcgauthier/encz/manifest.go:437.2,437.56 1 1
github.com/marcgauthier/encz/manifest.go:437.56,439.3 1 0
github.com/marcgauthier/encz/manifest.go:440.2,443.36 4 1
github.com/marcgauthier/encz/manifest.go:443.36,445.3 1 0
github.com/marcgauthier/encz/manifest.go:446.2,456.32 11 1
github.com/marcgauthier/encz/manifest.go:459.78,461.2 1 1
github.com/marcgauthier/encz/manifest.go:463.91,465.16 2 1
github.com/marcgauthier/encz/manifest.go:465.16,467.3 1 0
github.com/marcgauthier/encz/manifest.go:468.2,469.16 2 1
github.com/marcgauthier/encz/manifest.go:469.16,471.3 1 0
github.com/marcgauthier/encz/manifest.go:472.2,472.67 1 1
github.com/marcgauthier/encz/manifest.go:475.96,477.16 2 1
github.com/marcgauthier/encz/manifest.go:477.16,479.3 1 0
github.com/marcgauthier/encz/manifest.go:480.2,481.16 2 1
github.com/marcgauthier/encz/manifest.go:481.16,483.3 1 0
github.com/marcgauthier/encz/manifest.go:484.2,485.16 2 1
github.com/marcgauthier/encz/manifest.go:485.16,487.3 1 0
github.com/marcgauthier/encz/manifest.go:488.2,488.19 1 1
github.com/marcgauthier/encz/manifest.go:491.45,500.2 8 1
github.com/marcgauthier/encz/manifest.go:502.37,504.42 2 1
github.com/marcgauthier/encz/manifest.go:504.42,506.3 1 0
github.com/marcgauthier/encz/manifest.go:507.2,507.37 1 1
github.com/marcgauthier/encz/manifest.go:510.33,512.42 2 1
github.com/marcgauthier/encz/manifest.go:512.42,514.3 1 0
github.com/marcgauthier/encz/manifest.go:515.2,515.37 1 1
github.com/marcgauthier/encz/manifest.go:518.73,519.35 1 1
github.com/marcgauthier/encz/manifest.go:519.35,520.42 1 1
github.com/marcgauthier/encz/manifest.go:520.42,522.4 1 1
github.com/marcgauthier/encz/manifest.go:524.2,524.29 1 0
github.com/marcgauthier/encz/manifest.go:527.56,529.35 2 0
github.com/marcgauthier/encz/manifest.go:529.35,530.24 1 0
github.com/marcgauthier/encz/manifest.go:530.24,532.4 1 0
github.com/marcgauthier/encz/manifest.go:534.2,534.18 1 0
github.com/marcgauthier/encz/manifest.go:537.72,539.48 2 1
github.com/marcgauthier/encz/manifest.go:539.48,541.3 1 0
github.com/marcgauthier/encz/manifest.go:542.2,543.16 2 1
github.com/marcgauthier/encz/manifest.go:543.16,545.3 1 0
github.com/marcgauthier/encz/manifest.go:546.2,548.43 3 1
github.com/marcgauthier/encz/manifest.go:548.43,551.3 2 0
github.com/marcgauthier/encz/manifest.go:552.2,552.40 1 1
github.com/marcgauthier/encz/manifest.go:552.40,555.3 2 0
github.com/marcgauthier/encz/manifest.go:556.2,556.35 1 1
github.com/marcgauthier/encz/manifest.go:556.35,559.3 2 0
github.com/marcgauthier/encz/manifest.go:560.2,560.36 1 1
github.com/marcgauthier/encz/manifest.go:560.36,562.3 1 0
github.com/marcgauthier/encz/manifest.go:563.2,563.49 1 1
github.com/marcgauthier/encz/manifest.go:563.49,565.3 1 0
github.com/marcgauthier/encz/manifest.go:566.2,566.27 1 1
github.com/marcgauthier/encz/manifest.go:569.38,571.16 2 1
github.com/marcgauthier/encz/manifest.go:571.16,573.3 1 0
github.com/marcgauthier/encz/manifest.go:574.2,575.104 2 1
github.com/marcgauthier/encz/manifest.go:575.104,577.3 1 0
github.com/marcgauthier/encz/manifest.go:578.2,578.12 1 1
github.com/marcgauthier/encz/manifest.go:581.64,584.34 3 1
github.com/marcgauthier/encz/manifest.go:584.34,586.3 1 1
github.com/marcgauthier/encz/manifest.go:587.2,589.15 3 1
github.com/marcgauthier/encz/manifest.go:592.50,593.18 1 1
github.com/marcgauthier/encz/manifest.go:593.18,595.3 1 0
github.com/marcgauthier/encz/manifest.go:596.2,596.15 1 1
github.com/marcgauthier/encz/manifest.go:599.28,601.2 1 1
github.com/marcgauthier/encz/manifest.go:603.63,605.2 1 1
github.com/marcgauthier/encz/manifest.go:607.66,609.2 1 1
github.com/marcgauthier/encz/manifest.go:611.112,630.2 2 0
github.com/marcgauthier/encz/manifest.go:632.38,634.2 1 0
github.com/marcgauthier/encz/manifest.go:636.29,638.2 1 1
github.com/marcgauthier/encz/open.go:22.62,23.39 1 1
github.com/marcgauthier/encz/open.go:23.39,25.3 1 0
github.com/marcgauthier/encz/open.go:26.2,27.16 2 1
github.com/marcgauthier/encz/open.go:27.16,29.3 1 0
github.com/marcgauthier/encz/open.go:30.2,31.16 2 1
github.com/marcgauthier/encz/open.go:31.16,34.3 2 0
github.com/marcgauthier/encz/open.go:35.2,41.8 1 1
github.com/marcgauthier/encz/open.go:44.46,46.2 1 1
github.com/marcgauthier/encz/open.go:48.31,49.15 1 0
github.com/marcgauthier/encz/open.go:49.15,51.3 1 0
github.com/marcgauthier/encz/open.go:52.2,52.14 1 0
github.com/marcgauthier/encz/open.go:55.29,56.15 1 1
github.com/marcgauthier/encz/open.go:56.15,58.3 1 0
github.com/marcgauthier/encz/open.go:59.2,60.15 2 1
github.com/marcgauthier/encz/open.go:60.15,63.3 2 1
github.com/marcgauthier/encz/open.go:64.2,65.19 2 1
github.com/marcgauthier/encz/open.go:65.19,68.3 2 1
github.com/marcgauthier/encz/open.go:69.2,74.25 6 1
github.com/marcgauthier/encz/open.go:74.25,76.3 1 1
github.com/marcgauthier/encz/open.go:77.2,77.12 1 1
github.com/marcgauthier/encz/open.go:80.50,81.34 1 0
github.com/marcgauthier/encz/open.go:81.34,83.3 1 0
github.com/marcgauthier/encz/open.go:84.2,86.15 3 0
github.com/marcgauthier/encz/open.go:86.15,88.3 1 0
github.com/marcgauthier/encz/open.go:89.2,89.86 1 0
github.com/marcgauthier/encz/open.go:89.86,91.3 1 0
github.com/marcgauthier/encz/open.go:92.2,98.16 6 0
github.com/marcgauthier/encz/open.go:98.16,100.3 1 0
github.com/marcgauthier/encz/open.go:101.2,103.74 3 0
github.com/marcgauthier/encz/open.go:103.74,105.3 1 0
github.com/marcgauthier/encz/open.go:106.2,106.19 1 0
github.com/marcgauthier/encz/open.go:106.19,108.3 1 0
github.com/marcgauthier/encz/open.go:109.2,111.12 3 0
github.com/marcgauthier/encz/open.go:114.62,117.15 3 0
github.com/marcgauthier/encz/open.go:117.15,119.3 1 0
github.com/marcgauthier/encz/open.go:120.2,121.16 2 0
github.com/marcgauthier/encz/open.go:121.16,123.3 1 0
github.com/marcgauthier/encz/open.go:124.2,125.16 2 0
github.com/marcgauthier/encz/open.go:125.16,127.3 1 0
github.com/marcgauthier/encz/open.go:128.2,129.71 2 0
github.com/marcgauthier/encz/open.go:129.71,131.3 1 0
github.com/marcgauthier/encz/open.go:132.2,132.70 1 0
github.com/marcgauthier/encz/open.go:135.54,138.15 3 0
github.com/marcgauthier/encz/open.go:138.15,140.3 1 0
github.com/marcgauthier/encz/open.go:141.2,142.16 2 0
github.com/marcgauthier/encz/open.go:142.16,143.27 1 0
github.com/marcgauthier/encz/open.go:143.27,145.4 1 0
github.com/marcgauthier/encz/open.go:146.3,146.29 1 0
github.com/marcgauthier/encz/open.go:148.2,148.71 1 0
github.com/marcgauthier/encz/open.go:151.45,153.16 2 1
github.com/marcgauthier/encz/open.go:153.16,155.3 1 0
github.com/marcgauthier/encz/open.go:156.2,156.34 1 1
github.com/marcgauthier/encz/open.go:156.34,159.3 2 0
github.com/marcgauthier/encz/open.go:160.2,160.16 1 1
github.com/marcgauthier/encz/registry.go:30.75,31.16 1 1
github.com/marcgauthier/encz/registry.go:31.16,33.3 1 0
github.com/marcgauthier/encz/registry.go:34.2,35.41 2 1
github.com/marcgauthier/encz/registry.go:38.168,40.16 2 1
github.com/marcgauthier/encz/registry.go:40.16,42.3 1 0
github.com/marcgauthier/encz/registry.go:43.2,44.88 2 1
github.com/marcgauthier/encz/registry.go:44.88,46.3 1 1
github.com/marcgauthier/encz/registry.go:47.2,60.20 6 1
github.com/marcgauthier/encz/registry.go:63.57,68.2 4 1
github.com/marcgauthier/encz/registry.go:70.40,73.8 3 1
github.com/marcgauthier/encz/registry.go:73.8,75.3 1 1
github.com/marcgauthier/encz/registry.go:76.2,77.9 2 1
github.com/marcgauthier/encz/registry.go:77.9,79.3 1 0
github.com/marcgauthier/encz/registry.go:80.2,82.26 3 1
github.com/marcgauthier/encz/registry.go:82.26,85.3 2 1
github.com/marcgauthier/encz/registry.go:86.2,86.31 1 1
github.com/marcgauthier/encz/registry.go:86.31,87.17 1 1
github.com/marcgauthier/encz/registry.go:87.17,89.4 1 1
github.com/marcgauthier/encz/registry.go:91.2,91.16 1 1
github.com/marcgauthier/encz/registry.go:94.82,96.9 2 0
github.com/marcgauthier/encz/registry.go:96.9,98.3 1 0
github.com/marcgauthier/encz/registry.go:99.2,101.26 3 0
github.com/marcgauthier/encz/registry.go:101.26,103.3 1 0
github.com/marcgauthier/encz/registry.go:104.2,104.46 1 0
github.com/marcgauthier/encz/registry.go:107.101,109.9 2 0
github.com/marcgauthier/encz/registry.go:109.9,111.3 1 0
github.com/marcgauthier/encz/registry.go:112.2,113.16 2 0
github.com/marcgauthier/encz/registry.go:113.16,115.3 1 0
github.com/marcgauthier/encz/registry.go:116.2,118.31 3 0
github.com/marcgauthier/encz/registry.go:118.31,119.17 1 0
github.com/marcgauthier/encz/registry.go:119.17,121.4 1 0
github.com/marcgauthier/encz/registry.go:123.2,126.12 4 0
github.com/marcgauthier/encz/registry.go:129.98,131.35 2 1
github.com/marcgauthier/encz/registry.go:131.35,133.39 2 1
github.com/marcgauthier/encz/registry.go:133.39,134.29 1 0
github.com/marcgauthier/encz/registry.go:134.29,135.19 1 0
github.com/marcgauthier/encz/registry.go:135.19,137.6 1 0
github.com/marcgauthier/encz/registry.go:139.4,139.34 1 0
github.com/marcgauthier/encz/registry.go:141.3,141.57 1 1
github.com/marcgauthier/encz/registry.go:143.2,143.48 1 1
github.com/marcgauthier/encz/registry.go:143.48,144.28 1 0
github.com/marcgauthier/encz/registry.go:144.28,145.18 1 0
github.com/marcgauthier/encz/registry.go:145.18,147.5 1 0
github.com/marcgauthier/encz/registry.go:149.3,149.33 1 0
github.com/marcgauthier/encz/registry.go:151.2,151.18 1 1
github.com/marcgauthier/encz/registry.go:154.62,158.40 4 1
github.com/marcgauthier/encz/registry.go:158.40,160.3 1 0
github.com/marcgauthier/encz/registry.go:161.2,162.13 2 1
github.com/marcgauthier/encz/registry.go:165.64,169.67 3 1
github.com/marcgauthier/encz/registry.go:169.67,170.63 1 0
github.com/marcgauthier/encz/registry.go:170.63,172.4 1 0
github.com/marcgauthier/encz/registry.go:175.2,176.40 2 1
github.com/marcgauthier/encz/registry.go:176.40,178.3 1 0
github.com/marcgauthier/encz/registry.go:179.2,180.39 2 1
github.com/marcgauthier/encz/registry.go:183.66,186.16 3 0
github.com/marcgauthier/encz/registry.go:186.16,188.3 1 0
github.com/marcgauthier/encz/registry.go:189.2,190.38 2 0
github.com/marcgauthier/encz/registry.go:190.38,192.3 1 0
github.com/marcgauthier/encz/registry.go:194.2,203.79 6 0
github.com/marcgauthier/encz/registry.go:203.79,205.3 1 0
github.com/marcgauthier/encz/registry.go:207.2,209.12 3 0
github.com/marcgauthier/encz/backup.go:50.69,51.37 1 0
github.com/marcgauthier/encz/backup.go:51.37,53.3 1 0
github.com/marcgauthier/encz/backup.go:55.2,58.15 3 0
github.com/marcgauthier/encz/backup.go:58.15,60.3 1 0
github.com/marcgauthier/encz/backup.go:62.2,63.16 2 0
github.com/marcgauthier/encz/backup.go:63.16,65.3 1 0
github.com/marcgauthier/encz/backup.go:67.2,68.16 2 0
github.com/marcgauthier/encz/backup.go:68.16,70.3 1 0
github.com/marcgauthier/encz/backup.go:71.2,71.21 1 0
github.com/marcgauthier/encz/backup.go:71.21,73.3 1 0
github.com/marcgauthier/encz/backup.go:75.2,76.16 2 0
github.com/marcgauthier/encz/backup.go:76.16,78.3 1 0
github.com/marcgauthier/encz/backup.go:80.2,80.65 1 0
github.com/marcgauthier/encz/backup.go:80.65,82.3 1 0
github.com/marcgauthier/encz/backup.go:83.2,83.51 1 0
github.com/marcgauthier/encz/backup.go:83.51,85.3 1 0
github.com/marcgauthier/encz/backup.go:85.8,85.19 1 0
github.com/marcgauthier/encz/backup.go:85.19,87.3 1 0
github.com/marcgauthier/encz/backup.go:89.2,94.15 5 0
github.com/marcgauthier/encz/backup.go:94.15,95.37 1 0
github.com/marcgauthier/encz/backup.go:95.37,97.4 1 0
github.com/marcgauthier/encz/backup.go:98.3,98.17 1 0
github.com/marcgauthier/encz/backup.go:98.17,100.4 1 0
github.com/marcgauthier/encz/backup.go:103.2,103.67 1 0
github.com/marcgauthier/encz/backup.go:103.67,104.17 1 0
github.com/marcgauthier/encz/backup.go:104.17,105.12 1 0
github.com/marcgauthier/encz/backup.go:107.3,108.21 2 0
github.com/marcgauthier/encz/backup.go:108.21,110.4 1 0
github.com/marcgauthier/encz/backup.go:111.3,111.13 1 0
github.com/marcgauthier/encz/backup.go:111.13,113.4 1 0
github.com/marcgauthier/encz/backup.go:116.2,117.16 2 0
github.com/marcgauthier/encz/backup.go:117.16,119.3 1 0
github.com/marcgauthier/encz/backup.go:120.2,123.16 4 0
github.com/marcgauthier/encz/backup.go:123.16,125.3 1 0
github.com/marcgauthier/encz/backup.go:126.2,127.79 2 0
github.com/marcgauthier/encz/backup.go:127.79,129.3 1 0
github.com/marcgauthier/encz/backup.go:130.2,130.48 1 0
github.com/marcgauthier/encz/backup.go:130.48,132.3 1 0
github.com/marcgauthier/encz/backup.go:134.2,135.16 2 0
github.com/marcgauthier/encz/backup.go:135.16,137.3 1 0
github.com/marcgauthier/encz/backup.go:138.2,138.81 1 0
github.com/marcgauthier/encz/backup.go:138.81,140.3 1 0
github.com/marcgauthier/encz/backup.go:142.2,142.102 1 0
github.com/marcgauthier/encz/backup.go:142.102,144.3 1 0
github.com/marcgauthier/encz/backup.go:145.2,145.58 1 0
github.com/marcgauthier/encz/backup.go:148.84,149.14 1 0
github.com/marcgauthier/encz/backup.go:150.36,151.39 1 0
github.com/marcgauthier/encz/backup.go:152.30,153.37 1 0
github.com/marcgauthier/encz/backup.go:154.29,155.73 1 0
github.com/marcgauthier/encz/backup.go:156.10,157.73 1 0
github.com/marcgauthier/encz/backup.go:161.58,165.16 4 0
github.com/marcgauthier/encz/backup.go:165.16,167.3 1 0
github.com/marcgauthier/encz/backup.go:168.2,168.57 1 0
github.com/marcgauthier/encz/backup.go:174.59,175.35 1 0
github.com/marcgauthier/encz/backup.go:175.35,177.3 1 0
github.com/marcgauthier/encz/backup.go:178.2,178.40 1 0
github.com/marcgauthier/encz/backup.go:178.40,180.3 1 0
github.com/marcgauthier/encz/backup.go:181.2,181.41 1 0
github.com/marcgauthier/encz/backup.go:181.41,183.3 1 0
github.com/marcgauthier/encz/backup.go:185.2,186.16 2 0
github.com/marcgauthier/encz/backup.go:186.16,188.3 1 0
github.com/marcgauthier/encz/backup.go:190.2,191.16 2 0
github.com/marcgauthier/encz/backup.go:191.16,193.3 1 0
github.com/marcgauthier/encz/backup.go:195.2,199.16 4 0
github.com/marcgauthier/encz/backup.go:199.16,201.3 1 0
github.com/marcgauthier/encz/backup.go:203.2,204.16 2 0
github.com/marcgauthier/encz/backup.go:204.16,206.3 1 0
github.com/marcgauthier/encz/backup.go:207.2,210.16 4 0
github.com/marcgauthier/encz/backup.go:210.16,212.3 1 0
github.com/marcgauthier/encz/backup.go:213.2,216.83 3 0
github.com/marcgauthier/encz/backup.go:216.83,218.3 1 0
github.com/marcgauthier/encz/backup.go:219.2,219.23 1 0
github.com/marcgauthier/encz/backup.go:219.23,221.3 1 0
github.com/marcgauthier/encz/backup.go:222.2,222.12 1 0
github.com/marcgauthier/encz/backup.go:229.87,230.34 1 0
github.com/marcgauthier/encz/backup.go:230.34,232.3 1 0
github.com/marcgauthier/encz/backup.go:233.2,233.40 1 0
github.com/marcgauthier/encz/backup.go:233.40,235.3 1 0
github.com/marcgauthier/encz/backup.go:236.2,236.39 1 0
github.com/marcgauthier/encz/backup.go:236.39,238.3 1 0
github.com/marcgauthier/encz/backup.go:240.2,241.16 2 0
github.com/marcgauthier/encz/backup.go:241.16,243.3 1 0
github.com/marcgauthier/encz/backup.go:244.2,247.16 3 0
github.com/marcgauthier/encz/backup.go:247.16,249.3 1 0
github.com/marcgauthier/encz/backup.go:251.2,252.16 2 0
github.com/marcgauthier/encz/backup.go:252.16,254.3 1 0
github.com/marcgauthier/encz/backup.go:255.2,257.28 2 0
github.com/marcgauthier/encz/backup.go:257.28,258.28 1 0
github.com/marcgauthier/encz/backup.go:258.28,260.45 2 0
github.com/marcgauthier/encz/backup.go:260.45,262.5 1 0
github.com/marcgauthier/encz/backup.go:266.2,266.53 1 0
github.com/marcgauthier/encz/backup.go:266.53,268.3 1 0
github.com/marcgauthier/encz/backup.go:270.2,271.27 2 0
github.com/marcgauthier/encz/backup.go:271.27,273.66 2 0
github.com/marcgauthier/encz/backup.go:273.66,275.4 1 0
github.com/marcgauthier/encz/backup.go:276.3,276.52 1 0
github.com/marcgauthier/encz/backup.go:276.52,278.4 1 0
github.com/marcgauthier/encz/backup.go:279.3,279.45 1 0
github.com/marcgauthier/encz/backup.go:279.45,281.4 1 0
github.com/marcgauthier/encz/backup.go:281.9,281.47 1 0
github.com/marcgauthier/encz/backup.go:281.47,283.4 1 0
github.com/marcgauthier/encz/backup.go:286.2,286.18 1 0
github.com/marcgauthier/encz/backup.go:286.18,288.3 1 0
github.com/marcgauthier/encz/backup.go:289.2,289.24 1 0
github.com/marcgauthier/encz/backup.go:289.24,291.3 1 0
github.com/marcgauthier/encz/backup.go:293.2,297.16 4 0
github.com/marcgauthier/encz/backup.go:297.16,299.3 1 0
github.com/marcgauthier/encz/backup.go:301.2,302.16 2 0
github.com/marcgauthier/encz/backup.go:302.16,304.3 1 0
github.com/marcgauthier/encz/backup.go:305.2,309.16 4 0
github.com/marcgauthier/encz/backup.go:309.16,311.3 1 0
github.com/marcgauthier/encz/backup.go:312.2,315.83 3 0
github.com/marcgauthier/encz/backup.go:315.83,317.3 1 0
github.com/marcgauthier/encz/backup.go:318.2,318.23 1 0
github.com/marcgauthier/encz/backup.go:318.23,320.3 1 0
github.com/marcgauthier/encz/backup.go:322.2,322.12 1 0
github.com/marcgauthier/encz/backup.go:325.100,326.55 1 0
github.com/marcgauthier/encz/backup.go:326.55,328.3 1 0
github.com/marcgauthier/encz/backup.go:330.2,331.16 2 0
github.com/marcgauthier/encz/backup.go:331.16,333.3 1 0
github.com/marcgauthier/encz/backup.go:334.2,336.27 2 0
github.com/marcgauthier/encz/backup.go:336.27,338.66 2 0
github.com/marcgauthier/encz/backup.go:338.66,340.4 1 0
github.com/marcgauthier/encz/backup.go:341.3,341.52 1 0
github.com/marcgauthier/encz/backup.go:341.52,343.4 1 0
github.com/marcgauthier/encz/backup.go:344.3,344.45 1 0
github.com/marcgauthier/encz/backup.go:344.45,346.12 2 0
github.com/marcgauthier/encz/backup.go:348.3,348.40 1 0
github.com/marcgauthier/encz/backup.go:348.40,350.4 1 0
github.com/marcgauthier/encz/backup.go:353.2,353.18 1 0
github.com/marcgauthier/encz/backup.go:353.18,355.3 1 0
github.com/marcgauthier/encz/backup.go:356.2,356.24 1 0
github.com/marcgauthier/encz/backup.go:356.24,358.3 1 0
github.com/marcgauthier/encz/backup.go:359.2,359.34 1 0
github.com/marcgauthier/encz/backup.go:362.56,364.16 2 0
github.com/marcgauthier/encz/backup.go:364.16,366.3 1 0
github.com/marcgauthier/encz/backup.go:367.2,370.16 3 0
github.com/marcgauthier/encz/backup.go:370.16,372.3 1 0
github.com/marcgauthier/encz/backup.go:373.2,376.12 3 0
github.com/marcgauthier/encz/backup.go:379.79,380.41 1 0
github.com/marcgauthier/encz/backup.go:380.41,382.3 1 0
github.com/marcgauthier/encz/backup.go:383.2,383.55 1 0
github.com/marcgauthier/encz/backup.go:383.55,385.3 1 0
github.com/marcgauthier/encz/backup.go:386.2,389.74 4 0
github.com/marcgauthier/encz/backup.go:389.74,391.3 1 0
github.com/marcgauthier/encz/backup.go:392.2,392.21 1 0
github.com/marcgauthier/encz/backup.go:395.97,397.16 2 0
github.com/marcgauthier/encz/backup.go:397.16,399.3 1 0
github.com/marcgauthier/encz/backup.go:400.2,401.16 2 0
github.com/marcgauthier/encz/backup.go:401.16,403.3 1 0
github.com/marcgauthier/encz/backup.go:404.2,405.16 2 0
github.com/marcgauthier/encz/backup.go:405.16,407.3 1 0
github.com/marcgauthier/encz/backup.go:408.2,418.51 11 0
github.com/marcgauthier/encz/backup.go:421.98,423.16 2 0
github.com/marcgauthier/encz/backup.go:423.16,425.3 1 0
github.com/marcgauthier/encz/backup.go:426.2,427.16 2 0
github.com/marcgauthier/encz/backup.go:427.16,429.3 1 0
github.com/marcgauthier/encz/backup.go:430.2,432.16 3 0
github.com/marcgauthier/encz/backup.go:432.16,434.3 1 0
github.com/marcgauthier/encz/backup.go:435.2,435.47 1 0
github.com/marcgauthier/encz/backup.go:438.94,445.50 7 0
github.com/marcgauthier/encz/backup.go:445.50,447.3 1 0
github.com/marcgauthier/encz/backup.go:448.2,448.51 1 0
github.com/marcgauthier/encz/backup.go:448.51,450.3 1 0
github.com/marcgauthier/encz/backup.go:451.2,451.51 1 0
github.com/marcgauthier/encz/backup.go:463.36,465.2 1 0
github.com/marcgauthier/encz/backup.go:467.75,469.46 2 0
github.com/marcgauthier/encz/backup.go:469.46,471.3 1 0
github.com/marcgauthier/encz/backup.go:472.2,472.66 1 0
github.com/marcgauthier/encz/backup.go:472.66,474.3 1 0
github.com/marcgauthier/encz/backup.go:475.2,478.41 4 0
github.com/marcgauthier/encz/backup.go:478.41,480.3 1 0
github.com/marcgauthier/encz/backup.go:481.2,491.32 11 0
github.com/marcgauthier/encz/backup.go:494.89,496.2 1 0
github.com/marcgauthier/encz/backup.go:498.91,500.16 2 0
github.com/marcgauthier/encz/backup.go:500.16,502.3 1 0
github.com/marcgauthier/encz/backup.go:503.2,504.16 2 0
github.com/marcgauthier/encz/backup.go:504.16,506.3 1 0
github.com/marcgauthier/encz/backup.go:507.2,507.72 1 0
github.com/marcgauthier/encz/backup.go:510.96,512.16 2 0
github.com/marcgauthier/encz/backup.go:512.16,514.3 1 0
github.com/marcgauthier/encz/backup.go:515.2,516.16 2 0
github.com/marcgauthier/encz/backup.go:516.16,518.3 1 0
github.com/marcgauthier/encz/backup.go:519.2,520.16 2 0
github.com/marcgauthier/encz/backup.go:520.16,522.3 1 0
github.com/marcgauthier/encz/backup.go:523.2,523.19 1 0
github.com/marcgauthier/encz/backup.go:526.55,535.2 8 0
github.com/marcgauthier/encz/backup.go:537.74,539.16 2 0
github.com/marcgauthier/encz/backup.go:539.16,541.3 1 0
github.com/marcgauthier/encz/backup.go:542.2,545.16 3 0
github.com/marcgauthier/encz/backup.go:545.16,547.3 1 0
github.com/marcgauthier/encz/backup.go:548.2,550.44 2 0
github.com/marcgauthier/encz/backup.go:550.44,552.10 2 0
github.com/marcgauthier/encz/backup.go:552.10,554.4 1 0
github.com/marcgauthier/encz/backup.go:555.3,555.47 1 0
github.com/marcgauthier/encz/backup.go:555.47,557.11 2 0
github.com/marcgauthier/encz/backup.go:557.11,559.5 1 0
github.com/marcgauthier/encz/backup.go:560.4,561.18 2 0
github.com/marcgauthier/encz/backup.go:561.18,563.5 1 0
github.com/marcgauthier/encz/backup.go:564.4,567.18 3 0
github.com/marcgauthier/encz/backup.go:567.18,569.5 1 0
github.com/marcgauthier/encz/backup.go:570.4,570.13 1 0
github.com/marcgauthier/encz/backup.go:570.13,572.5 1 0
github.com/marcgauthier/encz/backup.go:573.4,573.14 1 0
github.com/marcgauthier/encz/backup.go:578.99,580.16 2 0
github.com/marcgauthier/encz/backup.go:580.16,582.3 1 0
github.com/marcgauthier/encz/backup.go:584.2,585.31 2 0
github.com/marcgauthier/encz/backup.go:585.31,586.36 1 0
github.com/marcgauthier/encz/backup.go:586.36,589.4 2 0
github.com/marcgauthier/encz/backup.go:590.3,590.19 1 0
github.com/marcgauthier/encz/backup.go:593.2,593.29 1 0
github.com/marcgauthier/encz/backup.go:593.29,594.61 1 0
github.com/marcgauthier/encz/backup.go:594.61,598.4 3 0
github.com/marcgauthier/encz/backup.go:601.2,601.23 1 0
github.com/marcgauthier/encz/backup.go:604.85,606.16 2 0
github.com/marcgauthier/encz/backup.go:606.16,608.3 1 0
github.com/marcgauthier/encz/backup.go:609.2,610.16 2 0
github.com/marcgauthier/encz/backup.go:610.16,612.3 1 0
github.com/marcgauthier/encz/backup.go:613.2,614.21 2 0
github.com/marcgauthier/encz/backup.go:615.30,616.25 1 0
github.com/marcgauthier/encz/backup.go:617.10,618.27 1 0
github.com/marcgauthier/encz/backup.go:621.2,622.16 2 0
github.com/marcgauthier/encz/backup.go:622.16,624.3 1 0
github.com/marcgauthier/encz/backup.go:625.2,626.16 2 0
github.com/marcgauthier/encz/backup.go:626.16,628.3 1 0
github.com/marcgauthier/encz/backup.go:629.2,632.12 3 0
github.com/marcgauthier/encz/driver.go:18.13,20.2 1 1
github.com/marcgauthier/encz/driver.go:22.23,23.31 1 1
github.com/marcgauthier/encz/driver.go:23.31,24.40 1 1
github.com/marcgauthier/encz/driver.go:24.40,27.4 2 0
github.com/marcgauthier/encz/driver.go:28.3,29.49 1 1
github.com/marcgauthier/encz/driver.go:29.49,31.5 1 1
github.com/marcgauthier/encz/driver.go:34.2,34.26 1 1
github.com/marcgauthier/encz/driver.go:37.27,38.35 1 1
github.com/marcgauthier/encz/driver.go:38.35,40.3 1 0
github.com/marcgauthier/encz/driver.go:41.2,41.12 1 1
github.com/marcgauthier/encz/dsn.go:18.49,20.45 2 1
github.com/marcgauthier/encz/dsn.go:20.45,22.3 1 1
github.com/marcgauthier/encz/dsn.go:23.2,23.20 1 1
github.com/marcgauthier/encz/dsn.go:23.20,26.3 2 0
github.com/marcgauthier/encz/dsn.go:27.2,27.28 1 1
github.com/marcgauthier/encz/dsn.go:27.28,29.3 1 1
github.com/marcgauthier/encz/dsn.go:30.2,30.35 1 1
github.com/marcgauthier/encz/dsn.go:30.35,32.3 1 1
github.com/marcgauthier/encz/dsn.go:34.2,35.47 2 1
github.com/marcgauthier/encz/dsn.go:35.47,37.3 1 1
github.com/marcgauthier/encz/dsn.go:38.2,38.12 1 1
github.com/marcgauthier/encz/dsn.go:41.44,43.2 1 0
github.com/marcgauthier/encz/encz_bridge.go:24.27,25.29 1 1
github.com/marcgauthier/encz/encz_bridge.go:25.29,27.29 2 1
github.com/marcgauthier/encz/encz_bridge.go:27.29,29.4 1 0
github.com/marcgauthier/encz/encz_bridge.go:31.2,31.24 1 1
github.com/marcgauthier/encz/encz_keys.go:11.74,13.23 2 1
github.com/marcgauthier/encz/encz_keys.go:13.23,15.3 1 0
github.com/marcgauthier/encz/encz_keys.go:16.2,17.38 2 1
github.com/marcgauthier/encz/encz_keys.go:17.38,19.3 1 0
github.com/marcgauthier/encz/encz_keys.go:20.2,20.10 1 1
github.com/marcgauthier/encz/encz_keys.go:24.84,26.42 2 1
github.com/marcgauthier/encz/encz_keys.go:26.42,28.3 1 0
github.com/marcgauthier/encz/encz_keys.go:29.2,31.9 3 1
github.com/marcgauthier/encz/encz_keys.go:31.9,33.3 1 0
github.com/marcgauthier/encz/encz_keys.go:34.2,35.10 2 1
github.com/marcgauthier/encz/encz_keys.go:39.63,41.23 2 1
github.com/marcgauthier/encz/encz_keys.go:41.23,43.3 1 0
github.com/marcgauthier/encz/encz_keys.go:44.2,46.10 3 1
github.com/marcgauthier/encz/encz_log.go:16.29,18.23 2 0
github.com/marcgauthier/encz/encz_log.go:18.23,20.3 1 0
github.com/marcgauthier/encz/encz_log.go:20.8,22.3 1 0
github.com/marcgauthier/encz/manifest.go:36.47,37.34 1 1
github.com/marcgauthier/encz/manifest.go:37.34,39.3 1 1
github.com/marcgauthier/encz/manifest.go:40.2,40.66 1 0
github.com/marcgauthier/encz/manifest.go:118.85,119.20 1 1
github.com/marcgauthier/encz/manifest.go:119.20,121.3 1 0
github.com/marcgauthier/encz/manifest.go:122.2,122.30 1 1
[...]
github.com/marcgauthier/encz/backup.go:621.2,622.16 2 1
github.com/marcgauthier/encz/backup.go:622.16,624.3 1 0
github.com/marcgauthier/encz/backup.go:625.2,626.16 2 1
github.com/marcgauthier/encz/backup.go:626.16,628.3 1 1
github.com/marcgauthier/encz/backup.go:629.2,632.12 3 1
github.com/marcgauthier/encz/driver.go:18.13,20.2 1 1
github.com/marcgauthier/encz/driver.go:22.23,23.31 1 1
github.com/marcgauthier/encz/driver.go:23.31,24.40 1 1
github.com/marcgauthier/encz/driver.go:24.40,27.4 2 1
github.com/marcgauthier/encz/driver.go:28.3,29.49 1 1
github.com/marcgauthier/encz/driver.go:29.49,31.5 1 1
github.com/marcgauthier/encz/driver.go:34.2,34.26 1 1
github.com/marcgauthier/encz/driver.go:37.27,38.35 1 1
github.com/marcgauthier/encz/driver.go:38.35,40.3 1 1
github.com/marcgauthier/encz/driver.go:41.2,41.12 1 1
github.com/marcgauthier/encz/dsn.go:18.49,20.45 2 1
github.com/marcgauthier/encz/dsn.go:20.45,22.3 1 1
github.com/marcgauthier/encz/dsn.go:23.2,23.20 1 1
github.com/marcgauthier/encz/dsn.go:23.20,26.3 2 1
github.com/marcgauthier/encz/dsn.go:27.2,27.28 1 1
github.com/marcgauthier/encz/dsn.go:27.28,29.3 1 1
github.com/marcgauthier/encz/dsn.go:30.2,30.35 1 1
github.com/marcgauthier/encz/dsn.go:30.35,32.3 1 1
github.com/marcgauthier/encz/dsn.go:34.2,35.47 2 1
github.com/marcgauthier/encz/dsn.go:35.47,37.3 1 1
github.com/marcgauthier/encz/dsn.go:38.2,38.12 1 1
github.com/marcgauthier/encz/dsn.go:41.44,43.2 1 1
github.com/marcgauthier/encz/encz_bridge.go:24.27,25.29 1 1
github.com/marcgauthier/encz/encz_bridge.go:25.29,27.29 2 1
github.com/marcgauthier/encz/encz_bridge.go:27.29,29.4 1 0
github.com/marcgauthier/encz/encz_bridge.go:31.2,31.24 1 1
github.com/marcgauthier/encz/encz_keys.go:11.74,13.23 2 1
github.com/marcgauthier/encz/encz_keys.go:13.23,15.3 1 1
github.com/marcgauthier/encz/encz_keys.go:16.2,17.38 2 1
github.com/marcgauthier/encz/encz_keys.go:17.38,19.3 1 1
github.com/marcgauthier/encz/encz_keys.go:20.2,20.10 1 1
github.com/marcgauthier/encz/encz_keys.go:24.84,26.42 2 1
github.com/marcgauthier/encz/encz_keys.go:26.42,28.3 1 1
github.com/marcgauthier/encz/encz_keys.go:29.2,31.9 3 1
github.com/marcgauthier/encz/encz_keys.go:31.9,33.3 1 1
github.com/marcgauthier/encz/encz_keys.go:34.2,35.10 2 1
github.com/marcgauthier/encz/encz_keys.go:39.63,41.23 2 1
github.com/marcgauthier/encz/encz_keys.go:41.23,43.3 1 1
github.com/marcgauthier/encz/encz_keys.go:44.2,46.10 3 1
github.com/marcgauthier/encz/encz_log.go:16.29,18.23 2 1
github.com/marcgauthier/encz/encz_log.go:18.23,20.3 1 1
github.com/marcgauthier/encz/encz_log.go:20.8,22.3 1 1
github.com/marcgauthier/encz/manifest.go:36.47,37.34 1 1
github.com/marcgauthier/encz/manifest.go:37.34,39.3 1 1
github.com/marcgauthier/encz/manifest.go:40.2,40.66 1 1
github.com/marcgauthier/encz/manifest.go:118.85,119.20 1 1
github.com/marcgauthier/encz/manifest.go:119.20,121.3 1 1
github.com/marcgauthier/encz/manifest.go:122.2,122.30 1 1
github.com/marcgauthier/encz/manifest.go:122.30,124.3 1 1
github.com/marcgauthier/encz/manifest.go:125.2,125.30 1 1
github.com/marcgauthier/encz/manifest.go:125.30,127.3 1 1
github.com/marcgauthier/encz/manifest.go:129.2,131.16 3 1
github.com/marcgauthier/encz/manifest.go:131.16,133.3 1 1
github.com/marcgauthier/encz/manifest.go:134.2,135.16 2 1
github.com/marcgauthier/encz/manifest.go:135.16,137.3 1 1
github.com/marcgauthier/encz/manifest.go:138.2,148.34 5 1
github.com/marcgauthier/encz/manifest.go:148.34,149.21 1 1
github.com/marcgauthier/encz/manifest.go:149.21,151.4 1 1
github.com/marcgauthier/encz/manifest.go:152.3,153.17 2 1
github.com/marcgauthier/encz/manifest.go:153.17,155.4 1 1
github.com/marcgauthier/encz/manifest.go:156.3,157.17 2 1
github.com/marcgauthier/encz/manifest.go:157.17,159.4 1 0
github.com/marcgauthier/encz/manifest.go:160.3,160.69 1 1
github.com/marcgauthier/encz/manifest.go:160.69,162.4 1 1
github.com/marcgauthier/encz/manifest.go:163.8,164.34 1 1
github.com/marcgauthier/encz/manifest.go:164.34,166.4 1 1
github.com/marcgauthier/encz/manifest.go:167.3,167.34 1 1
github.com/marcgauthier/encz/manifest.go:167.34,169.4 1 1
github.com/marcgauthier/encz/manifest.go:171.3,172.17 2 1
github.com/marcgauthier/encz/manifest.go:172.17,174.4 1 1
github.com/marcgauthier/encz/manifest.go:175.3,176.53 2 1
github.com/marcgauthier/encz/manifest.go:176.53,178.70 2 1
github.com/marcgauthier/encz/manifest.go:178.70,180.5 1 1
github.com/marcgauthier/encz/manifest.go:184.2,185.16 2 1
github.com/marcgauthier/encz/manifest.go:185.16,187.3 1 1
github.com/marcgauthier/encz/manifest.go:188.2,188.72 1 1
github.com/marcgauthier/encz/manifest.go:191.44,193.16 2 1
github.com/marcgauthier/encz/manifest.go:193.16,195.3 1 1
github.com/marcgauthier/encz/manifest.go:196.2,196.36 1 1
github.com/marcgauthier/encz/manifest.go:196.36,198.3 1 1
github.com/marcgauthier/encz/manifest.go:199.2,199.19 1 1
github.com/marcgauthier/encz/manifest.go:202.42,204.14 2 1
github.com/marcgauthier/encz/manifest.go:205.17,206.14 1 1
github.com/marcgauthier/encz/manifest.go:207.10,208.15 1 1
github.com/marcgauthier/encz/manifest.go:212.56,213.29 1 1
github.com/marcgauthier/encz/manifest.go:213.29,215.3 1 1
github.com/marcgauthier/encz/manifest.go:216.2,216.23 1 1
github.com/marcgauthier/encz/manifest.go:219.51,220.24 1 1
github.com/marcgauthier/encz/manifest.go:220.24,222.3 1 1
github.com/marcgauthier/encz/manifest.go:223.2,223.47 1 1
github.com/marcgauthier/encz/manifest.go:226.44,227.34 1 1
github.com/marcgauthier/encz/manifest.go:227.34,229.3 1 1
github.com/marcgauthier/encz/manifest.go:230.2,230.139 1 1
github.com/marcgauthier/encz/manifest.go:233.66,234.19 1 1
github.com/marcgauthier/encz/manifest.go:234.19,236.3 1 1
github.com/marcgauthier/encz/manifest.go:237.2,238.24 2 1
github.com/marcgauthier/encz/manifest.go:238.24,240.3 1 1
github.com/marcgauthier/encz/manifest.go:241.2,241.12 1 1
github.com/marcgauthier/encz/manifest.go:244.66,254.2 9 1
github.com/marcgauthier/encz/manifest.go:256.45,263.2 1 1
github.com/marcgauthier/encz/manifest.go:265.84,267.19 2 1
github.com/marcgauthier/encz/manifest.go:267.19,269.3 1 1
github.com/marcgauthier/encz/manifest.go:270.2,270.32 1 1
github.com/marcgauthier/encz/manifest.go:270.32,272.3 1 1
github.com/marcgauthier/encz/manifest.go:272.8,272.39 1 1
github.com/marcgauthier/encz/manifest.go:272.39,274.3 1 1
github.com/marcgauthier/encz/manifest.go:275.2,275.33 1 1
github.com/marcgauthier/encz/manifest.go:275.33,277.3 1 1
github.com/marcgauthier/encz/manifest.go:277.8,277.40 1 1
github.com/marcgauthier/encz/manifest.go:277.40,279.3 1 1
github.com/marcgauthier/encz/manifest.go:280.2,282.17 3 1
github.com/marcgauthier/encz/manifest.go:285.76,287.30 2 1
github.com/marcgauthier/encz/manifest.go:287.30,289.3 1 1
github.com/marcgauthier/encz/manifest.go:290.2,290.31 1 1
github.com/marcgauthier/encz/manifest.go:290.31,292.3 1 1
github.com/marcgauthier/encz/manifest.go:293.2,293.17 1 1
github.com/marcgauthier/encz/manifest.go:296.88,298.16 2 1
github.com/marcgauthier/encz/manifest.go:298.16,300.3 1 0
github.com/marcgauthier/encz/manifest.go:301.2,302.16 2 1
github.com/marcgauthier/encz/manifest.go:302.16,304.3 1 0
github.com/marcgauthier/encz/manifest.go:305.2,318.21 3 1
github.com/marcgauthier/encz/manifest.go:321.75,326.29 5 1
github.com/marcgauthier/encz/manifest.go:326.29,328.3 1 1
github.com/marcgauthier/encz/manifest.go:329.2,329.41 1 1
github.com/marcgauthier/encz/manifest.go:329.41,331.3 1 1
github.com/marcgauthier/encz/manifest.go:332.2,332.41 1 1
github.com/marcgauthier/encz/manifest.go:332.41,334.3 1 1
github.com/marcgauthier/encz/manifest.go:337.87,339.28 2 1
github.com/marcgauthier/encz/manifest.go:339.28,341.9 2 1
github.com/marcgauthier/encz/manifest.go:341.9,343.4 1 1
github.com/marcgauthier/encz/manifest.go:343.9,345.4 1 1
github.com/marcgauthier/encz/manifest.go:346.8,348.3 1 1
github.com/marcgauthier/encz/manifest.go:349.2,350.96 2 1
github.com/marcgauthier/encz/manifest.go:353.108,356.16 3 1
github.com/marcgauthier/encz/manifest.go:356.16,358.3 1 1
github.com/marcgauthier/encz/manifest.go:359.2,360.16 2 1
github.com/marcgauthier/encz/manifest.go:360.16,362.3 1 1
github.com/marcgauthier/encz/manifest.go:363.2,365.16 3 1
github.com/marcgauthier/encz/manifest.go:365.16,367.3 1 1
github.com/marcgauthier/encz/manifest.go:368.2,368.56 1 1
github.com/marcgauthier/encz/manifest.go:368.56,370.3 1 1
github.com/marcgauthier/encz/manifest.go:371.2,371.60 1 1
github.com/marcgauthier/encz/manifest.go:371.60,373.3 1 1
github.com/marcgauthier/encz/manifest.go:374.2,375.50 2 1
github.com/marcgauthier/encz/manifest.go:375.50,377.3 1 1
github.com/marcgauthier/encz/manifest.go:378.2,378.40 1 1
github.com/marcgauthier/encz/manifest.go:378.40,380.3 1 1
github.com/marcgauthier/encz/manifest.go:381.2,381.43 1 1
github.com/marcgauthier/encz/manifest.go:381.43,383.3 1 1
github.com/marcgauthier/encz/manifest.go:384.2,384.40 1 1
github.com/marcgauthier/encz/manifest.go:384.40,386.3 1 1
github.com/marcgauthier/encz/manifest.go:387.2,387.43 1 1
github.com/marcgauthier/encz/manifest.go:387.43,389.3 1 1
github.com/marcgauthier/encz/manifest.go:390.2,390.29 1 1
github.com/marcgauthier/encz/manifest.go:393.98,401.50 3 1
github.com/marcgauthier/encz/manifest.go:401.50,403.3 1 0
github.com/marcgauthier/encz/manifest.go:404.2,404.51 1 1
github.com/marcgauthier/encz/manifest.go:404.51,406.3 1 0
github.com/marcgauthier/encz/manifest.go:407.2,408.16 2 1
github.com/marcgauthier/encz/manifest.go:408.16,410.3 1 1
github.com/marcgauthier/encz/manifest.go:411.2,413.16 3 1
github.com/marcgauthier/encz/manifest.go:413.16,415.3 1 0
github.com/marcgauthier/encz/manifest.go:416.2,425.42 10 1
github.com/marcgauthier/encz/manifest.go:428.31,430.2 1 1
github.com/marcgauthier/encz/manifest.go:432.65,434.41 2 1
github.com/marcgauthier/encz/manifest.go:434.41,436.3 1 1
github.com/marcgauthier/encz/manifest.go:437.2,437.56 1 1
github.com/marcgauthier/encz/manifest.go:437.56,439.3 1 1
github.com/marcgauthier/encz/manifest.go:440.2,443.36 4 1
github.com/marcgauthier/encz/manifest.go:443.36,445.3 1 1
github.com/marcgauthier/encz/manifest.go:446.2,456.32 11 1
github.com/marcgauthier/encz/manifest.go:459.78,461.2 1 1
github.com/marcgauthier/encz/manifest.go:463.91,465.16 2 1
github.com/marcgauthier/encz/manifest.go:465.16,467.3 1 1
github.com/marcgauthier/encz/manifest.go:468.2,469.16 2 1
github.com/marcgauthier/encz/manifest.go:469.16,471.3 1 0
github.com/marcgauthier/encz/manifest.go:472.2,472.67 1 1
github.com/marcgauthier/encz/manifest.go:475.96,477.16 2 1
github.com/marcgauthier/encz/manifest.go:477.16,479.3 1 1
github.com/marcgauthier/encz/manifest.go:480.2,481.16 2 1
github.com/marcgauthier/encz/manifest.go:481.16,483.3 1 0
github.com/marcgauthier/encz/manifest.go:484.2,485.16 2 1
github.com/marcgauthier/encz/manifest.go:485.16,487.3 1 1
github.com/marcgauthier/encz/manifest.go:488.2,488.19 1 1
github.com/marcgauthier/encz/manifest.go:491.45,500.2 8 1
github.com/marcgauthier/encz/manifest.go:502.37,504.42 2 1
github.com/marcgauthier/encz/manifest.go:504.42,506.3 1 0
github.com/marcgauthier/encz/manifest.go:507.2,507.37 1 1
github.com/marcgauthier/encz/manifest.go:510.33,512.42 2 1
github.com/marcgauthier/encz/manifest.go:512.42,514.3 1 0
github.com/marcgauthier/encz/manifest.go:515.2,515.37 1 1
github.com/marcgauthier/encz/manifest.go:518.73,519.35 1 1
github.com/marcgauthier/encz/manifest.go:519.35,520.42 1 1
github.com/marcgauthier/encz/manifest.go:520.42,522.4 1 1
github.com/marcgauthier/encz/manifest.go:524.2,524.29 1 1
github.com/marcgauthier/encz/manifest.go:527.56,529.35 2 1
github.com/marcgauthier/encz/manifest.go:529.35,530.24 1 1
github.com/marcgauthier/encz/manifest.go:530.24,532.4 1 1
github.com/marcgauthier/encz/manifest.go:534.2,534.18 1 1
github.com/marcgauthier/encz/manifest.go:537.72,539.48 2 1
github.com/marcgauthier/encz/manifest.go:539.48,541.3 1 1
github.com/marcgauthier/encz/manifest.go:542.2,543.16 2 1
github.com/marcgauthier/encz/manifest.go:543.16,545.3 1 1
github.com/marcgauthier/encz/manifest.go:546.2,548.43 3 1
github.com/marcgauthier/encz/manifest.go:548.43,551.3 2 0
github.com/marcgauthier/encz/manifest.go:552.2,552.40 1 1
github.com/marcgauthier/encz/manifest.go:552.40,555.3 2 0
github.com/marcgauthier/encz/manifest.go:556.2,556.35 1 1
github.com/marcgauthier/encz/manifest.go:556.35,559.3 2 0
github.com/marcgauthier/encz/manifest.go:560.2,560.36 1 1
github.com/marcgauthier/encz/manifest.go:560.36,562.3 1 0
github.com/marcgauthier/encz/manifest.go:563.2,563.49 1 1
github.com/marcgauthier/encz/manifest.go:563.49,565.3 1 1
github.com/marcgauthier/encz/manifest.go:566.2,566.27 1 1
github.com/marcgauthier/encz/manifest.go:569.38,571.16 2 1
github.com/marcgauthier/encz/manifest.go:571.16,573.3 1 1
github.com/marcgauthier/encz/manifest.go:574.2,575.104 2 1
github.com/marcgauthier/encz/manifest.go:575.104,577.3 1 0
github.com/marcgauthier/encz/manifest.go:578.2,578.12 1 1
github.com/marcgauthier/encz/manifest.go:581.64,584.34 3 1
github.com/marcgauthier/encz/manifest.go:584.34,586.3 1 1
github.com/marcgauthier/encz/manifest.go:587.2,589.15 3 1
github.com/marcgauthier/encz/manifest.go:592.50,593.18 1 1
github.com/marcgauthier/encz/manifest.go:593.18,595.3 1 1
github.com/marcgauthier/encz/manifest.go:596.2,596.15 1 1
github.com/marcgauthier/encz/manifest.go:599.28,601.2 1 1
github.com/marcgauthier/encz/manifest.go:603.63,605.2 1 1
github.com/marcgauthier/encz/manifest.go:607.66,609.2 1 1
github.com/marcgauthier/encz/manifest.go:611.112,630.2 2 1
github.com/marcgauthier/encz/manifest.go:632.38,634.2 1 1
github.com/marcgauthier/encz/manifest.go:636.29,638.2 1 1
github.com/marcgauthier/encz/open.go:22.62,23.39 1 1
github.com/marcgauthier/encz/open.go:23.39,25.3 1 1
github.com/marcgauthier/encz/open.go:26.2,27.16 2 1
github.com/marcgauthier/encz/open.go:27.16,29.3 1 1
github.com/marcgauthier/encz/open.go:30.2,31.16 2 1
github.com/marcgauthier/encz/open.go:31.16,34.3 2 1
github.com/marcgauthier/encz/open.go:35.2,41.8 1 1
github.com/marcgauthier/encz/open.go:44.46,46.2 1 1
github.com/marcgauthier/encz/open.go:48.31,49.15 1 1
github.com/marcgauthier/encz/open.go:49.15,51.3 1 1
github.com/marcgauthier/encz/open.go:52.2,52.14 1 1
github.com/marcgauthier/encz/open.go:55.29,56.15 1 1
github.com/marcgauthier/encz/open.go:56.15,58.3 1 1
github.com/marcgauthier/encz/open.go:59.2,60.15 2 1
github.com/marcgauthier/encz/open.go:60.15,63.3 2 1
github.com/marcgauthier/encz/open.go:64.2,65.19 2 1
github.com/marcgauthier/encz/open.go:65.19,68.3 2 1
github.com/marcgauthier/encz/open.go:69.2,74.25 6 1
github.com/marcgauthier/encz/open.go:74.25,76.3 1 1
github.com/marcgauthier/encz/open.go:77.2,77.12 1 1
github.com/marcgauthier/encz/open.go:80.50,81.34 1 1
github.com/marcgauthier/encz/open.go:81.34,83.3 1 1
github.com/marcgauthier/encz/open.go:84.2,86.15 3 1
github.com/marcgauthier/encz/open.go:86.15,88.3 1 1
github.com/marcgauthier/encz/open.go:89.2,89.86 1 1
github.com/marcgauthier/encz/open.go:89.86,91.3 1 1
github.com/marcgauthier/encz/open.go:92.2,98.16 6 1
github.com/marcgauthier/encz/open.go:98.16,100.3 1 1
github.com/marcgauthier/encz/open.go:101.2,103.74 3 1
github.com/marcgauthier/encz/open.go:103.74,105.3 1 1
github.com/marcgauthier/encz/open.go:106.2,106.19 1 1
github.com/marcgauthier/encz/open.go:106.19,108.3 1 1
github.com/marcgauthier/encz/open.go:109.2,111.12 3 1
github.com/marcgauthier/encz/open.go:114.62,117.15 3 1
github.com/marcgauthier/encz/open.go:117.15,119.3 1 1
github.com/marcgauthier/encz/open.go:120.2,121.16 2 1
github.com/marcgauthier/encz/open.go:121.16,123.3 1 1
github.com/marcgauthier/encz/open.go:124.2,125.16 2 1
github.com/marcgauthier/encz/open.go:125.16,127.3 1 1
github.com/marcgauthier/encz/open.go:128.2,129.71 2 1
github.com/marcgauthier/encz/open.go:129.71,131.3 1 1
github.com/marcgauthier/encz/open.go:132.2,132.70 1 1
github.com/marcgauthier/encz/open.go:135.54,138.15 3 1
github.com/marcgauthier/encz/open.go:138.15,140.3 1 1
github.com/marcgauthier/encz/open.go:141.2,142.16 2 1
github.com/marcgauthier/encz/open.go:142.16,143.27 1 1
github.com/marcgauthier/encz/open.go:143.27,145.4 1 1
github.com/marcgauthier/encz/open.go:146.3,146.29 1 1
github.com/marcgauthier/encz/open.go:148.2,148.71 1 1
github.com/marcgauthier/encz/open.go:151.45,153.16 2 1
github.com/marcgauthier/encz/open.go:153.16,155.3 1 0
github.com/marcgauthier/encz/open.go:156.2,156.34 1 1
github.com/marcgauthier/encz/open.go:156.34,159.3 2 1
github.com/marcgauthier/encz/open.go:160.2,160.16 1 1
github.com/marcgauthier/encz/registry.go:30.75,31.16 1 1
github.com/marcgauthier/encz/registry.go:31.16,33.3 1 1
github.com/marcgauthier/encz/registry.go:34.2,35.41 2 1
github.com/marcgauthier/encz/registry.go:38.168,40.16 2 1
github.com/marcgauthier/encz/registry.go:40.16,42.3 1 1
github.com/marcgauthier/encz/registry.go:43.2,44.88 2 1
github.com/marcgauthier/encz/registry.go:44.88,46.3 1 1
github.com/marcgauthier/encz/registry.go:47.2,60.20 6 1
github.com/marcgauthier/encz/registry.go:63.57,68.2 4 1
github.com/marcgauthier/encz/registry.go:70.40,73.8 3 1
github.com/marcgauthier/encz/registry.go:73.8,75.3 1 1
github.com/marcgauthier/encz/registry.go:76.2,77.9 2 1
github.com/marcgauthier/encz/registry.go:77.9,79.3 1 1
github.com/marcgauthier/encz/registry.go:80.2,82.26 3 1
github.com/marcgauthier/encz/registry.go:82.26,85.3 2 1
github.com/marcgauthier/encz/registry.go:86.2,86.31 1 1
github.com/marcgauthier/encz/registry.go:86.31,87.17 1 1
github.com/marcgauthier/encz/registry.go:87.17,89.4 1 1
github.com/marcgauthier/encz/registry.go:91.2,91.16 1 1
github.com/marcgauthier/encz/registry.go:94.82,96.9 2 1
github.com/marcgauthier/encz/registry.go:96.9,98.3 1 1
github.com/marcgauthier/encz/registry.go:99.2,101.26 3 1
github.com/marcgauthier/encz/registry.go:101.26,103.3 1 1
github.com/marcgauthier/encz/registry.go:104.2,104.46 1 1
github.com/marcgauthier/encz/registry.go:107.101,109.9 2 1
github.com/marcgauthier/encz/registry.go:109.9,111.3 1 1
github.com/marcgauthier/encz/registry.go:112.2,113.16 2 1
github.com/marcgauthier/encz/registry.go:113.16,115.3 1 1
github.com/marcgauthier/encz/registry.go:116.2,118.31 3 1
github.com/marcgauthier/encz/registry.go:118.31,119.17 1 1
github.com/marcgauthier/encz/registry.go:119.17,121.4 1 1
github.com/marcgauthier/encz/registry.go:123.2,126.12 4 1
github.com/marcgauthier/encz/registry.go:129.98,131.35 2 1
github.com/marcgauthier/encz/registry.go:131.35,133.39 2 1
github.com/marcgauthier/encz/registry.go:133.39,134.29 1 1
github.com/marcgauthier/encz/registry.go:134.29,135.19 1 1
github.com/marcgauthier/encz/registry.go:135.19,137.6 1 1
github.com/marcgauthier/encz/registry.go:139.4,139.34 1 1
github.com/marcgauthier/encz/registry.go:141.3,141.57 1 1
github.com/marcgauthier/encz/registry.go:143.2,143.48 1 1
github.com/marcgauthier/encz/registry.go:143.48,144.28 1 1
github.com/marcgauthier/encz/registry.go:144.28,145.18 1 1
github.com/marcgauthier/encz/registry.go:145.18,147.5 1 1
github.com/marcgauthier/encz/registry.go:149.3,149.33 1 1
github.com/marcgauthier/encz/registry.go:151.2,151.18 1 1
github.com/marcgauthier/encz/registry.go:154.62,158.40 4 1
github.com/marcgauthier/encz/registry.go:158.40,160.3 1 1
github.com/marcgauthier/encz/registry.go:161.2,162.13 2 1
github.com/marcgauthier/encz/registry.go:165.64,169.67 3 1
github.com/marcgauthier/encz/registry.go:169.67,170.63 1 1
github.com/marcgauthier/encz/registry.go:170.63,172.4 1 1
github.com/marcgauthier/encz/registry.go:175.2,176.40 2 1
github.com/marcgauthier/encz/registry.go:176.40,178.3 1 1
github.com/marcgauthier/encz/registry.go:179.2,180.39 2 1
github.com/marcgauthier/encz/registry.go:183.66,186.16 3 1
github.com/marcgauthier/encz/registry.go:186.16,188.3 1 0
github.com/marcgauthier/encz/registry.go:189.2,190.38 2 1
github.com/marcgauthier/encz/registry.go:190.38,192.3 1 0
github.com/marcgauthier/encz/registry.go:194.2,203.79 6 1
github.com/marcgauthier/encz/registry.go:203.79,205.3 1 1
github.com/marcgauthier/encz/registry.go:207.2,209.12 3 1
